# JRE version: Java(TM) SE Runtime Environment (8.0_05-b13) (build 1.8.0_05-b13)
# Java VM: Java HotSpot(TM) 64-Bit Server VM (25.5-b02 mixed mode linux-amd64 compressed oops)
Heap:
 PSYoungGen      total 277504K, used 183101K [0x00000000ebb00000, 0x0000000100000000, 0x0000000100000000)
  eden space 226304K, 58% used [0x00000000ebb00000,0x00000000f3c34150,0x00000000f9800000)
  from space 51200K, 99% used [0x00000000f9800000,0x00000000fc99b3d0,0x00000000fca00000)
  to   space 54784K, 0% used [0x00000000fca80000,0x00000000fca80000,0x0000000100000000)
 ParOldGen       total 87552K, used 72724K [0x00000000c3000000, 0x00000000c8580000, 0x00000000ebb00000)
  object space 87552K, 83% used [0x00000000c3000000,0x00000000c77052d8,0x00000000c8580000)
 Metaspace       used 27616K, capacity 28146K, committed 28544K, reserved 1075200K
  class space    used 3416K, capacity 3596K, committed 3712K, reserved 1048576K
GC Heap History (10 events):
Event: 64.328 GC heap before
{Heap before GC invocations=108 (full 12):
 PSYoungGen      total 287232K, used 285038K [0x00000000ebb00000, 0x0000000100000000, 0x0000000100000000)
  eden space 242688K, 100% used [0x00000000ebb00000,0x00000000fa800000,0x00000000fa800000)
  from space 44544K, 95% used [0x00000000fa800000,0x00000000fd15b9d8,0x00000000fd380000)
  to   space 44544K, 0% used [0x00000000fd480000,0x00000000fd480000,0x0000000100000000)
 ParOldGen       total 86016K, used 73155K [0x00000000c3000000, 0x00000000c8400000, 0x00000000ebb00000)
  object space 86016K, 85% used [0x00000000c3000000,0x00000000c7770e40,0x00000000c8400000)
 Metaspace       used 19105K, capacity 19452K, committed 19584K, reserved 1067008K
  class space    used 2228K, capacity 2380K, committed 2432K, reserved 1048576K
Event: 64.448 GC heap after
Heap after GC invocations=108 (full 12):
 PSYoungGen      total 281088K, used 44516K [0x00000000ebb00000, 0x0000000100000000, 0x0000000100000000)
  eden space 236544K, 0% used [0x00000000ebb00000,0x00000000ebb00000,0x00000000fa200000)
  from space 44544K, 99% used [0x00000000fd480000,0x00000000ffff90d8,0x0000000100000000)
  to   space 48128K, 0% used [0x00000000fa200000,0x00000000fa200000,0x00000000fd100000)
 ParOldGen       total 86016K, used 80815K [0x00000000c3000000, 0x00000000c8400000, 0x00000000ebb00000)
  object space 86016K, 93% used [0x00000000c3000000,0x00000000c7eebf78,0x00000000c8400000)
 Metaspace       used 19105K, capacity 19452K, committed 19584K, reserved 1067008K
  class space    used 2228K, capacity 2380K, committed 2432K, reserved 1048576K
}
Event: 65.717 GC heap before
{Heap before GC invocations=109 (full 12):
 PSYoungGen      total 281088K, used 281060K [0x00000000ebb00000, 0x0000000100000000, 0x0000000100000000)
  eden space 236544K, 100% used [0x00000000ebb00000,0x00000000fa200000,0x00000000fa200000)
  from space 44544K, 99% used [0x00000000fd480000,0x00000000ffff90d8,0x0000000100000000)
  to   space 48128K, 0% used [0x00000000fa200000,0x00000000fa200000,0x00000000fd100000)
 ParOldGen       total 86016K, used 80815K [0x00000000c3000000, 0x00000000c8400000, 0x00000000ebb00000)
  object space 86016K, 93% used [0x00000000c3000000,0x00000000c7eebf78,0x00000000c8400000)
 Metaspace       used 19114K, capacity 19516K, committed 19840K, reserved 1067008K
  class space    used 2229K, capacity 2380K, committed 2432K, reserved 1048576K
Event: 65.832 GC heap after
Heap after GC invocations=109 (full 12):
 PSYoungGen      total 284672K, used 48124K [0x00000000ebb00000, 0x0000000100000000, 0x0000000100000000)
  eden space 236544K, 0% used [0x00000000ebb00000,0x00000000ebb00000,0x00000000fa200000)
  from space 48128K, 99% used [0x00000000fa200000,0x00000000fd0ff3f8,0x00000000fd100000)
  to   space 48128K, 0% used [0x00000000fd100000,0x00000000fd100000,0x0000000100000000)
 ParOldGen       total 87040K, used 86531K [0x00000000c3000000, 0x00000000c8500000, 0x00000000ebb00000)
  object space 87040K, 99% used [0x00000000c3000000,0x00000000c8480c78,0x00000000c8500000)
 Metaspace       used 19114K, capacity 19516K, committed 19840K, reserved 1067008K
  class space    used 2229K, capacity 2380K, committed 2432K, reserved 1048576K
}
Event: 65.832 GC heap before
{Heap before GC invocations=110 (full 13):
 PSYoungGen      total 284672K, used 48124K [0x00000000ebb00000, 0x0000000100000000, 0x0000000100000000)
  eden space 236544K, 0% used [0x00000000ebb00000,0x00000000ebb00000,0x00000000fa200000)
  from space 48128K, 99% used [0x00000000fa200000,0x00000000fd0ff3f8,0x00000000fd100000)
  to   space 48128K, 0% used [0x00000000fd100000,0x00000000fd100000,0x0000000100000000)
 ParOldGen       total 87040K, used 86531K [0x00000000c3000000, 0x00000000c8500000, 0x00000000ebb00000)
  object space 87040K, 99% used [0x00000000c3000000,0x00000000c8480c78,0x00000000c8500000)
 Metaspace       used 19114K, capacity 19516K, committed 19840K, reserved 1067008K
  class space    used 2229K, capacity 2380K, committed 2432K, reserved 1048576K
Event: 66.119 GC heap after
Heap after GC invocations=110 (full 13):
 PSYoungGen      total 284672K, used 0K [0x00000000ebb00000, 0x0000000100000000, 0x0000000100000000)
  eden space 236544K, 0% used [0x00000000ebb00000,0x00000000ebb00000,0x00000000fa200000)
  from space 48128K, 0% used [0x00000000fa200000,0x00000000fa200000,0x00000000fd100000)
  to   space 48128K, 0% used [0x00000000fd100000,0x00000000fd100000,0x0000000100000000)
 ParOldGen       total 87552K, used 68825K [0x00000000c3000000, 0x00000000c8580000, 0x00000000ebb00000)
  object space 87552K, 78% used [0x00000000c3000000,0x00000000c7336580,0x00000000c8580000)
 Metaspace       used 19114K, capacity 19516K, committed 19840K, reserved 1067008K
  class space    used 2229K, capacity 2380K, committed 2432K, reserved 1048576K
}
Event: 67.184 GC heap before
{Heap before GC invocations=111 (full 13):
 PSYoungGen      total 284672K, used 236544K [0x00000000ebb00000, 0x0000000100000000, 0x0000000100000000)
  eden space 236544K, 100% used [0x00000000ebb00000,0x00000000fa200000,0x00000000fa200000)
  from space 48128K, 0% used [0x00000000fa200000,0x00000000fa200000,0x00000000fd100000)
  to   space 48128K, 0% used [0x00000000fd100000,0x00000000fd100000,0x0000000100000000)
 ParOldGen       total 87552K, used 68825K [0x00000000c3000000, 0x00000000c8580000, 0x00000000ebb00000)
  object space 87552K, 78% used [0x00000000c3000000,0x00000000c7336580,0x00000000c8580000)
 Metaspace       used 19119K, capacity 19516K, committed 19840K, reserved 1067008K
  class space    used 2230K, capacity 2380K, committed 2432K, reserved 1048576K
Event: 67.273 GC heap after
Heap after GC invocations=111 (full 13):
 PSYoungGen      total 274432K, used 48109K [0x00000000ebb00000, 0x0000000100000000, 0x0000000100000000)
  eden space 226304K, 0% used [0x00000000ebb00000,0x00000000ebb00000,0x00000000f9800000)
  from space 48128K, 99% used [0x00000000fd100000,0x00000000ffffb658,0x0000000100000000)
  to   space 53248K, 0% used [0x00000000f9800000,0x00000000f9800000,0x00000000fcc00000)
 ParOldGen       total 87552K, used 71148K [0x00000000c3000000, 0x00000000c8580000, 0x00000000ebb00000)
  object space 87552K, 81% used [0x00000000c3000000,0x00000000c757b2d8,0x00000000c8580000)
 Metaspace       used 19119K, capacity 19516K, committed 19840K, reserved 1067008K
  class space    used 2230K, capacity 2380K, committed 2432K, reserved 1048576K
}
Event: 68.333 GC heap before
{Heap before GC invocations=112 (full 13):
 PSYoungGen      total 274432K, used 274413K [0x00000000ebb00000, 0x0000000100000000, 0x0000000100000000)
  eden space 226304K, 100% used [0x00000000ebb00000,0x00000000f9800000,0x00000000f9800000)
  from space 48128K, 99% used [0x00000000fd100000,0x00000000ffffb658,0x0000000100000000)
  to   space 53248K, 0% used [0x00000000f9800000,0x00000000f9800000,0x00000000fcc00000)
 ParOldGen       total 87552K, used 71148K [0x00000000c3000000, 0x00000000c8580000, 0x00000000ebb00000)
  object space 87552K, 81% used [0x00000000c3000000,0x00000000c757b2d8,0x00000000c8580000)
 Metaspace       used 19119K, capacity 19516K, committed 19840K, reserved 1067008K
  class space    used 2230K, capacity 2380K, committed 2432K, reserved 1048576K
Event: 68.469 GC heap after
Heap after GC invocations=112 (full 13):
 PSYoungGen      total 277504K, used 50796K [0x00000000ebb00000, 0x0000000100000000, 0x0000000100000000)
  eden space 226304K, 0% used [0x00000000ebb00000,0x00000000ebb00000,0x00000000f9800000)
  from space 51200K, 99% used [0x00000000f9800000,0x00000000fc99b3d0,0x00000000fca00000)
  to   space 54784K, 0% used [0x00000000fca80000,0x00000000fca80000,0x0000000100000000)
 ParOldGen       total 87552K, used 72724K [0x00000000c3000000, 0x00000000c8580000, 0x00000000ebb00000)
  object space 87552K, 83% used [0x00000000c3000000,0x00000000c77052d8,0x00000000c8580000)
 Metaspace       used 19119K, capacity 19516K, committed 19840K, reserved 1067008K
  class space    used 2230K, capacity 2380K, committed 2432K, reserved 1048576K
}

