# JRE version: Java(TM) SE Runtime Environment (8.0_05-b13) (build 1.8.0_05-b13)
# Java VM: Java HotSpot(TM) 64-Bit Server VM (25.5-b02 mixed mode linux-amd64 compressed oops)
Heap:
 PSYoungGen      total 277504K, used 217283K [0x00000000ebb00000, 0x0000000100000000, 0x0000000100000000)
  eden space 224256K, 74% used [0x00000000ebb00000,0x00000000f5f12468,0x00000000f9600000)
  from space 53248K, 92% used [0x00000000fcc00000,0x00000000ffc1e8a0,0x0000000100000000)
  to   space 54272K, 0% used [0x00000000f9600000,0x00000000f9600000,0x00000000fcb00000)
 ParOldGen       total 89600K, used 68874K [0x00000000c3000000, 0x00000000c8780000, 0x00000000ebb00000)
  object space 89600K, 76% used [0x00000000c3000000,0x00000000c73428f8,0x00000000c8780000)
 Metaspace       used 27603K, capacity 28078K, committed 28544K, reserved 1075200K
  class space    used 3415K, capacity 3596K, committed 3712K, reserved 1048576K
GC Heap History (10 events):
Event: 66.382 GC heap before
{Heap before GC invocations=110 (full 13):
 PSYoungGen      total 287744K, used 44512K [0x00000000ebb00000, 0x0000000100000000, 0x0000000100000000)
  eden space 243200K, 0% used [0x00000000ebb00000,0x00000000ebb00000,0x00000000fa880000)
  from space 44544K, 99% used [0x00000000fa880000,0x00000000fd3f81a0,0x00000000fd400000)
  to   space 45056K, 0% used [0x00000000fd400000,0x00000000fd400000,0x0000000100000000)
 ParOldGen       total 82944K, used 82773K [0x00000000c3000000, 0x00000000c8100000, 0x00000000ebb00000)
  object space 82944K, 99% used [0x00000000c3000000,0x00000000c80d5598,0x00000000c8100000)
 Metaspace       used 19090K, capacity 19384K, committed 19584K, reserved 1067008K
  class space    used 2228K, capacity 2380K, committed 2432K, reserved 1048576K
Event: 66.637 GC heap after
Heap after GC invocations=110 (full 13):
 PSYoungGen      total 287744K, used 0K [0x00000000ebb00000, 0x0000000100000000, 0x0000000100000000)
  eden space 243200K, 0% used [0x00000000ebb00000,0x00000000ebb00000,0x00000000fa880000)
  from space 44544K, 0% used [0x00000000fa880000,0x00000000fa880000,0x00000000fd400000)
  to   space 45056K, 0% used [0x00000000fd400000,0x00000000fd400000,0x0000000100000000)
 ParOldGen       total 89600K, used 72107K [0x00000000c3000000, 0x00000000c8780000, 0x00000000ebb00000)
  object space 89600K, 80% used [0x00000000c3000000,0x00000000c766ac98,0x00000000c8780000)
 Metaspace       used 19090K, capacity 19384K, committed 19584K, reserved 1067008K
  class space    used 2228K, capacity 2380K, committed 2432K, reserved 1048576K
}
Event: 67.810 GC heap before
{Heap before GC invocations=111 (full 13):
 PSYoungGen      total 287744K, used 243200K [0x00000000ebb00000, 0x0000000100000000, 0x0000000100000000)
  eden space 243200K, 100% used [0x00000000ebb00000,0x00000000fa880000,0x00000000fa880000)
  from space 44544K, 0% used [0x00000000fa880000,0x00000000fa880000,0x00000000fd400000)
  to   space 45056K, 0% used [0x00000000fd400000,0x00000000fd400000,0x0000000100000000)
 ParOldGen       total 89600K, used 72107K [0x00000000c3000000, 0x00000000c8780000, 0x00000000ebb00000)
  object space 89600K, 80% used [0x00000000c3000000,0x00000000c766ac98,0x00000000c8780000)
 Metaspace       used 19099K, capacity 19448K, committed 19584K, reserved 1067008K
  class space    used 2229K, capacity 2380K, committed 2432K, reserved 1048576K
Event: 67.935 GC heap after
Heap after GC invocations=111 (full 13):
 PSYoungGen      total 272384K, used 45051K [0x00000000ebb00000, 0x0000000100000000, 0x0000000100000000)
  eden space 227328K, 0% used [0x00000000ebb00000,0x00000000ebb00000,0x00000000f9900000)
  from space 45056K, 99% used [0x00000000fd400000,0x00000000ffffeef8,0x0000000100000000)
  to   space 52736K, 0% used [0x00000000f9900000,0x00000000f9900000,0x00000000fcc80000)
 ParOldGen       total 89600K, used 82382K [0x00000000c3000000, 0x00000000c8780000, 0x00000000ebb00000)
  object space 89600K, 91% used [0x00000000c3000000,0x00000000c8073b18,0x00000000c8780000)
 Metaspace       used 19099K, capacity 19448K, committed 19584K, reserved 1067008K
  class space    used 2229K, capacity 2380K, committed 2432K, reserved 1048576K
}
Event: 67.935 GC heap before
{Heap before GC invocations=112 (full 14):
 PSYoungGen      total 272384K, used 45051K [0x00000000ebb00000, 0x0000000100000000, 0x0000000100000000)
  eden space 227328K, 0% used [0x00000000ebb00000,0x00000000ebb00000,0x00000000f9900000)
  from space 45056K, 99% used [0x00000000fd400000,0x00000000ffffeef8,0x0000000100000000)
  to   space 52736K, 0% used [0x00000000f9900000,0x00000000f9900000,0x00000000fcc80000)
 ParOldGen       total 89600K, used 82382K [0x00000000c3000000, 0x00000000c8780000, 0x00000000ebb00000)
  object space 89600K, 91% used [0x00000000c3000000,0x00000000c8073b18,0x00000000c8780000)
 Metaspace       used 19099K, capacity 19448K, committed 19584K, reserved 1067008K
  class space    used 2229K, capacity 2380K, committed 2432K, reserved 1048576K
Event: 68.183 GC heap after
Heap after GC invocations=112 (full 14):
 PSYoungGen      total 272384K, used 0K [0x00000000ebb00000, 0x0000000100000000, 0x0000000100000000)
  eden space 227328K, 0% used [0x00000000ebb00000,0x00000000ebb00000,0x00000000f9900000)
  from space 45056K, 0% used [0x00000000fd400000,0x00000000fd400000,0x0000000100000000)
  to   space 52736K, 0% used [0x00000000f9900000,0x00000000f9900000,0x00000000fcc80000)
 ParOldGen       total 89600K, used 67410K [0x00000000c3000000, 0x00000000c8780000, 0x00000000ebb00000)
  object space 89600K, 75% used [0x00000000c3000000,0x00000000c71d48f8,0x00000000c8780000)
 Metaspace       used 19099K, capacity 19448K, committed 19584K, reserved 1067008K
  class space    used 2229K, capacity 2380K, committed 2432K, reserved 1048576K
}
Event: 69.344 GC heap before
{Heap before GC invocations=113 (full 14):
 PSYoungGen      total 272384K, used 227328K [0x00000000ebb00000, 0x0000000100000000, 0x0000000100000000)
  eden space 227328K, 100% used [0x00000000ebb00000,0x00000000f9900000,0x00000000f9900000)
  from space 45056K, 0% used [0x00000000fd400000,0x00000000fd400000,0x0000000100000000)
  to   space 52736K, 0% used [0x00000000f9900000,0x00000000f9900000,0x00000000fcc80000)
 ParOldGen       total 89600K, used 67410K [0x00000000c3000000, 0x00000000c8780000, 0x00000000ebb00000)
  object space 89600K, 75% used [0x00000000c3000000,0x00000000c71d48f8,0x00000000c8780000)
 Metaspace       used 19100K, capacity 19448K, committed 19584K, reserved 1067008K
  class space    used 2229K, capacity 2380K, committed 2432K, reserved 1048576K
Event: 69.456 GC heap after
Heap after GC invocations=113 (full 14):
 PSYoungGen      total 276480K, used 48681K [0x00000000ebb00000, 0x0000000100000000, 0x0000000100000000)
  eden space 227328K, 0% used [0x00000000ebb00000,0x00000000ebb00000,0x00000000f9900000)
  from space 49152K, 99% used [0x00000000f9900000,0x00000000fc88a530,0x00000000fc900000)
  to   space 53248K, 0% used [0x00000000fcc00000,0x00000000fcc00000,0x0000000100000000)
 ParOldGen       total 89600K, used 67410K [0x00000000c3000000, 0x00000000c8780000, 0x00000000ebb00000)
  object space 89600K, 75% used [0x00000000c3000000,0x00000000c71d48f8,0x00000000c8780000)
 Metaspace       used 19100K, capacity 19448K, committed 19584K, reserved 1067008K
  class space    used 2229K, capacity 2380K, committed 2432K, reserved 1048576K
}
Event: 70.609 GC heap before
{Heap before GC invocations=114 (full 14):
 PSYoungGen      total 276480K, used 276009K [0x00000000ebb00000, 0x0000000100000000, 0x0000000100000000)
  eden space 227328K, 100% used [0x00000000ebb00000,0x00000000f9900000,0x00000000f9900000)
  from space 49152K, 99% used [0x00000000f9900000,0x00000000fc88a530,0x00000000fc900000)
  to   space 53248K, 0% used [0x00000000fcc00000,0x00000000fcc00000,0x0000000100000000)
 ParOldGen       total 89600K, used 67410K [0x00000000c3000000, 0x00000000c8780000, 0x00000000ebb00000)
  object space 89600K, 75% used [0x00000000c3000000,0x00000000c71d48f8,0x00000000c8780000)
 Metaspace       used 19105K, capacity 19448K, committed 19584K, reserved 1067008K
  class space    used 2230K, capacity 2380K, committed 2432K, reserved 1048576K
Event: 70.722 GC heap after
Heap after GC invocations=114 (full 14):
 PSYoungGen      total 277504K, used 49274K [0x00000000ebb00000, 0x0000000100000000, 0x0000000100000000)
  eden space 224256K, 0% used [0x00000000ebb00000,0x00000000ebb00000,0x00000000f9600000)
  from space 53248K, 92% used [0x00000000fcc00000,0x00000000ffc1e8a0,0x0000000100000000)
  to   space 54272K, 0% used [0x00000000f9600000,0x00000000f9600000,0x00000000fcb00000)
 ParOldGen       total 89600K, used 68874K [0x00000000c3000000, 0x00000000c8780000, 0x00000000ebb00000)
  object space 89600K, 76% used [0x00000000c3000000,0x00000000c73428f8,0x00000000c8780000)
 Metaspace       used 19105K, capacity 19448K, committed 19584K, reserved 1067008K
  class space    used 2230K, capacity 2380K, committed 2432K, reserved 1048576K
}

