# JRE version: Java(TM) SE Runtime Environment (8.0_20-b20) (build 1.8.0_20-ea-b20)
# Java VM: Java HotSpot(TM) 64-Bit Server VM (25.20-b20 mixed mode linux-amd64 compressed oops)
Heap:
 PSYoungGen      total 279552K, used 103250K [0x00000000ebb80000, 0x00000000fff80000, 0x0000000100000000)
  eden space 227328K, 30% used [0x00000000ebb80000,0x00000000effd5f70,0x00000000f9980000)
  from space 52224K, 63% used [0x00000000f9980000,0x00000000fb9feb38,0x00000000fcc80000)
  to   space 52224K, 0% used [0x00000000fcc80000,0x00000000fcc80000,0x00000000fff80000)
 ParOldGen       total 141824K, used 115425K [0x00000000c3200000, 0x00000000cbc80000, 0x00000000ebb80000)
  object space 141824K, 81% used [0x00000000c3200000,0x00000000ca2b84f0,0x00000000cbc80000)
 Metaspace       used 28716K, capacity 29274K, committed 29568K, reserved 1075200K
  class space    used 3527K, capacity 3691K, committed 3712K, reserved 1048576K
GC Heap History (10 events):
Event: 36.974 GC heap before
{Heap before GC invocations=45 (full 4):
 PSYoungGen      total 279040K, used 267527K [0x00000000ebb80000, 0x00000000ffe80000, 0x0000000100000000)
  eden space 227328K, 100% used [0x00000000ebb80000,0x00000000f9980000,0x00000000f9980000)
  from space 51712K, 77% used [0x00000000fcc00000,0x00000000ff341c88,0x00000000ffe80000)
  to   space 51712K, 0% used [0x00000000f9980000,0x00000000f9980000,0x00000000fcc00000)
 ParOldGen       total 141824K, used 97047K [0x00000000c3200000, 0x00000000cbc80000, 0x00000000ebb80000)
  object space 141824K, 68% used [0x00000000c3200000,0x00000000c90c5da8,0x00000000cbc80000)
 Metaspace       used 22853K, capacity 23290K, committed 23552K, reserved 1071104K
  class space    used 2674K, capacity 2800K, committed 2816K, reserved 1048576K
Event: 37.084 GC heap after
Heap after GC invocations=45 (full 4):
 PSYoungGen      total 279040K, used 42811K [0x00000000ebb80000, 0x0000000100000000, 0x0000000100000000)
  eden space 227328K, 0% used [0x00000000ebb80000,0x00000000ebb80000,0x00000000f9980000)
  from space 51712K, 82% used [0x00000000f9980000,0x00000000fc34ee20,0x00000000fcc00000)
  to   space 52224K, 0% used [0x00000000fcd00000,0x00000000fcd00000,0x0000000100000000)
 ParOldGen       total 141824K, used 99027K [0x00000000c3200000, 0x00000000cbc80000, 0x00000000ebb80000)
  object space 141824K, 69% used [0x00000000c3200000,0x00000000c92b4df0,0x00000000cbc80000)
 Metaspace       used 22853K, capacity 23290K, committed 23552K, reserved 1071104K
  class space    used 2674K, capacity 2800K, committed 2816K, reserved 1048576K
}
Event: 37.691 GC heap before
{Heap before GC invocations=46 (full 4):
 PSYoungGen      total 279040K, used 270139K [0x00000000ebb80000, 0x0000000100000000, 0x0000000100000000)
  eden space 227328K, 100% used [0x00000000ebb80000,0x00000000f9980000,0x00000000f9980000)
  from space 51712K, 82% used [0x00000000f9980000,0x00000000fc34ee20,0x00000000fcc00000)
  to   space 52224K, 0% used [0x00000000fcd00000,0x00000000fcd00000,0x0000000100000000)
 ParOldGen       total 141824K, used 99027K [0x00000000c3200000, 0x00000000cbc80000, 0x00000000ebb80000)
  object space 141824K, 69% used [0x00000000c3200000,0x00000000c92b4df0,0x00000000cbc80000)
 Metaspace       used 22856K, capacity 23290K, committed 23552K, reserved 1071104K
  class space    used 2674K, capacity 2800K, committed 2816K, reserved 1048576K
Event: 37.784 GC heap after
Heap after GC invocations=46 (full 4):
 PSYoungGen      total 280064K, used 43553K [0x00000000ebb80000, 0x0000000100000000, 0x0000000100000000)
  eden space 227840K, 0% used [0x00000000ebb80000,0x00000000ebb80000,0x00000000f9a00000)
  from space 52224K, 83% used [0x00000000fcd00000,0x00000000ff7886b0,0x0000000100000000)
  to   space 52224K, 0% used [0x00000000f9a00000,0x00000000f9a00000,0x00000000fcd00000)
 ParOldGen       total 141824K, used 102632K [0x00000000c3200000, 0x00000000cbc80000, 0x00000000ebb80000)
  object space 141824K, 72% used [0x00000000c3200000,0x00000000c963a298,0x00000000cbc80000)
 Metaspace       used 22856K, capacity 23290K, committed 23552K, reserved 1071104K
  class space    used 2674K, capacity 2800K, committed 2816K, reserved 1048576K
}
Event: 38.625 GC heap before
{Heap before GC invocations=47 (full 4):
 PSYoungGen      total 280064K, used 271393K [0x00000000ebb80000, 0x0000000100000000, 0x0000000100000000)
  eden space 227840K, 100% used [0x00000000ebb80000,0x00000000f9a00000,0x00000000f9a00000)
  from space 52224K, 83% used [0x00000000fcd00000,0x00000000ff7886b0,0x0000000100000000)
  to   space 52224K, 0% used [0x00000000f9a00000,0x00000000f9a00000,0x00000000fcd00000)
 ParOldGen       total 141824K, used 102632K [0x00000000c3200000, 0x00000000cbc80000, 0x00000000ebb80000)
  object space 141824K, 72% used [0x00000000c3200000,0x00000000c963a298,0x00000000cbc80000)
 Metaspace       used 22859K, capacity 23290K, committed 23552K, reserved 1071104K
  class space    used 2674K, capacity 2800K, committed 2816K, reserved 1048576K
Event: 38.717 GC heap after
Heap after GC invocations=47 (full 4):
 PSYoungGen      total 271360K, used 43159K [0x00000000ebb80000, 0x0000000100000000, 0x0000000100000000)
  eden space 227840K, 0% used [0x00000000ebb80000,0x00000000ebb80000,0x00000000f9a00000)
  from space 43520K, 99% used [0x00000000f9a00000,0x00000000fc425d10,0x00000000fc480000)
  to   space 52736K, 0% used [0x00000000fcc80000,0x00000000fcc80000,0x0000000100000000)
 ParOldGen       total 141824K, used 106536K [0x00000000c3200000, 0x00000000cbc80000, 0x00000000ebb80000)
  object space 141824K, 75% used [0x00000000c3200000,0x00000000c9a0a3e8,0x00000000cbc80000)
 Metaspace       used 22859K, capacity 23290K, committed 23552K, reserved 1071104K
  class space    used 2674K, capacity 2800K, committed 2816K, reserved 1048576K
}
Event: 39.597 GC heap before
{Heap before GC invocations=48 (full 4):
 PSYoungGen      total 271360K, used 270999K [0x00000000ebb80000, 0x0000000100000000, 0x0000000100000000)
  eden space 227840K, 100% used [0x00000000ebb80000,0x00000000f9a00000,0x00000000f9a00000)
  from space 43520K, 99% used [0x00000000f9a00000,0x00000000fc425d10,0x00000000fc480000)
  to   space 52736K, 0% used [0x00000000fcc80000,0x00000000fcc80000,0x0000000100000000)
 ParOldGen       total 141824K, used 106536K [0x00000000c3200000, 0x00000000cbc80000, 0x00000000ebb80000)
  object space 141824K, 75% used [0x00000000c3200000,0x00000000c9a0a3e8,0x00000000cbc80000)
 Metaspace       used 22861K, capacity 23290K, committed 23552K, reserved 1071104K
  class space    used 2674K, capacity 2800K, committed 2816K, reserved 1048576K
Event: 39.686 GC heap after
Heap after GC invocations=48 (full 4):
 PSYoungGen      total 280064K, used 41645K [0x00000000ebb80000, 0x0000000100000000, 0x0000000100000000)
  eden space 227328K, 0% used [0x00000000ebb80000,0x00000000ebb80000,0x00000000f9980000)
  from space 52736K, 78% used [0x00000000fcc80000,0x00000000ff52b748,0x0000000100000000)
  to   space 52224K, 0% used [0x00000000f9980000,0x00000000f9980000,0x00000000fcc80000)
 ParOldGen       total 141824K, used 112287K [0x00000000c3200000, 0x00000000cbc80000, 0x00000000ebb80000)
  object space 141824K, 79% used [0x00000000c3200000,0x00000000c9fa7e48,0x00000000cbc80000)
 Metaspace       used 22861K, capacity 23290K, committed 23552K, reserved 1071104K
  class space    used 2674K, capacity 2800K, committed 2816K, reserved 1048576K
}
Event: 40.946 GC heap before
{Heap before GC invocations=49 (full 4):
 PSYoungGen      total 280064K, used 268973K [0x00000000ebb80000, 0x0000000100000000, 0x0000000100000000)
  eden space 227328K, 100% used [0x00000000ebb80000,0x00000000f9980000,0x00000000f9980000)
  from space 52736K, 78% used [0x00000000fcc80000,0x00000000ff52b748,0x0000000100000000)
  to   space 52224K, 0% used [0x00000000f9980000,0x00000000f9980000,0x00000000fcc80000)
 ParOldGen       total 141824K, used 112287K [0x00000000c3200000, 0x00000000cbc80000, 0x00000000ebb80000)
  object space 141824K, 79% used [0x00000000c3200000,0x00000000c9fa7e48,0x00000000cbc80000)
 Metaspace       used 24505K, capacity 25048K, committed 25088K, reserved 1071104K
  class space    used 2920K, capacity 3065K, committed 3072K, reserved 1048576K
Event: 41.015 GC heap after
Heap after GC invocations=49 (full 4):
 PSYoungGen      total 279552K, used 33274K [0x00000000ebb80000, 0x00000000fff80000, 0x0000000100000000)
  eden space 227328K, 0% used [0x00000000ebb80000,0x00000000ebb80000,0x00000000f9980000)
  from space 52224K, 63% used [0x00000000f9980000,0x00000000fb9feb38,0x00000000fcc80000)
  to   space 52224K, 0% used [0x00000000fcc80000,0x00000000fcc80000,0x00000000fff80000)
 ParOldGen       total 141824K, used 115425K [0x00000000c3200000, 0x00000000cbc80000, 0x00000000ebb80000)
  object space 141824K, 81% used [0x00000000c3200000,0x00000000ca2b84f0,0x00000000cbc80000)
 Metaspace       used 24505K, capacity 25048K, committed 25088K, reserved 1071104K
  class space    used 2920K, capacity 3065K, committed 3072K, reserved 1048576K
}

