# JRE version: Java(TM) SE Runtime Environment (8.0_05-b13) (build 1.8.0_05-b13)
# Java VM: Java HotSpot(TM) 64-Bit Server VM (25.5-b02 mixed mode linux-amd64 compressed oops)
Heap:
 PSYoungGen      total 276480K, used 198878K [0x00000000ebb00000, 0x0000000100000000, 0x0000000100000000)
  eden space 223232K, 66% used [0x00000000ebb00000,0x00000000f4b30050,0x00000000f9500000)
  from space 53248K, 96% used [0x00000000fcc00000,0x00000000ffe07a90,0x0000000100000000)
  to   space 54784K, 0% used [0x00000000f9500000,0x00000000f9500000,0x00000000fca80000)
 ParOldGen       total 89600K, used 70446K [0x00000000c3000000, 0x00000000c8780000, 0x00000000ebb00000)
  object space 89600K, 78% used [0x00000000c3000000,0x00000000c74cba90,0x00000000c8780000)
 Metaspace       used 27617K, capacity 28110K, committed 28416K, reserved 1075200K
  class space    used 3415K, capacity 3564K, committed 3584K, reserved 1048576K
GC Heap History (10 events):
Event: 58.187 GC heap before
{Heap before GC invocations=109 (full 12):
 PSYoungGen      total 287744K, used 242688K [0x00000000ebb00000, 0x0000000100000000, 0x0000000100000000)
  eden space 242688K, 100% used [0x00000000ebb00000,0x00000000fa800000,0x00000000fa800000)
  from space 45056K, 0% used [0x00000000fd400000,0x00000000fd400000,0x0000000100000000)
  to   space 45056K, 0% used [0x00000000fa800000,0x00000000fa800000,0x00000000fd400000)
 ParOldGen       total 84992K, used 70184K [0x00000000c3000000, 0x00000000c8300000, 0x00000000ebb00000)
  object space 84992K, 82% used [0x00000000c3000000,0x00000000c748a248,0x00000000c8300000)
 Metaspace       used 19118K, capacity 19448K, committed 19584K, reserved 1067008K
  class space    used 2230K, capacity 2380K, committed 2432K, reserved 1048576K
Event: 58.294 GC heap after
Heap after GC invocations=109 (full 12):
 PSYoungGen      total 287744K, used 45054K [0x00000000ebb00000, 0x0000000100000000, 0x0000000100000000)
  eden space 242688K, 0% used [0x00000000ebb00000,0x00000000ebb00000,0x00000000fa800000)
  from space 45056K, 99% used [0x00000000fa800000,0x00000000fd3ff8f0,0x00000000fd400000)
  to   space 45056K, 0% used [0x00000000fd400000,0x00000000fd400000,0x0000000100000000)
 ParOldGen       total 84992K, used 76661K [0x00000000c3000000, 0x00000000c8300000, 0x00000000ebb00000)
  object space 84992K, 90% used [0x00000000c3000000,0x00000000c7add678,0x00000000c8300000)
 Metaspace       used 19118K, capacity 19448K, committed 19584K, reserved 1067008K
  class space    used 2230K, capacity 2380K, committed 2432K, reserved 1048576K
}
Event: 60.770 GC heap before
{Heap before GC invocations=110 (full 12):
 PSYoungGen      total 287744K, used 287742K [0x00000000ebb00000, 0x0000000100000000, 0x0000000100000000)
  eden space 242688K, 100% used [0x00000000ebb00000,0x00000000fa800000,0x00000000fa800000)
  from space 45056K, 99% used [0x00000000fa800000,0x00000000fd3ff8f0,0x00000000fd400000)
  to   space 45056K, 0% used [0x00000000fd400000,0x00000000fd400000,0x0000000100000000)
 ParOldGen       total 84992K, used 76661K [0x00000000c3000000, 0x00000000c8300000, 0x00000000ebb00000)
  object space 84992K, 90% used [0x00000000c3000000,0x00000000c7add678,0x00000000c8300000)
 Metaspace       used 19127K, capacity 19512K, committed 19840K, reserved 1067008K
  class space    used 2231K, capacity 2380K, committed 2432K, reserved 1048576K
Event: 61.003 GC heap after
Heap after GC invocations=110 (full 12):
 PSYoungGen      total 273408K, used 45024K [0x00000000ebb00000, 0x0000000100000000, 0x0000000100000000)
  eden space 228352K, 0% used [0x00000000ebb00000,0x00000000ebb00000,0x00000000f9a00000)
  from space 45056K, 99% used [0x00000000fd400000,0x00000000ffff8110,0x0000000100000000)
  to   space 52224K, 0% used [0x00000000f9a00000,0x00000000f9a00000,0x00000000fcd00000)
 ParOldGen       total 88064K, used 87791K [0x00000000c3000000, 0x00000000c8600000, 0x00000000ebb00000)
  object space 88064K, 99% used [0x00000000c3000000,0x00000000c85bbdf0,0x00000000c8600000)
 Metaspace       used 19127K, capacity 19512K, committed 19840K, reserved 1067008K
  class space    used 2231K, capacity 2380K, committed 2432K, reserved 1048576K
}
Event: 61.003 GC heap before
{Heap before GC invocations=111 (full 13):
 PSYoungGen      total 273408K, used 45024K [0x00000000ebb00000, 0x0000000100000000, 0x0000000100000000)
  eden space 228352K, 0% used [0x00000000ebb00000,0x00000000ebb00000,0x00000000f9a00000)
  from space 45056K, 99% used [0x00000000fd400000,0x00000000ffff8110,0x0000000100000000)
  to   space 52224K, 0% used [0x00000000f9a00000,0x00000000f9a00000,0x00000000fcd00000)
 ParOldGen       total 88064K, used 87791K [0x00000000c3000000, 0x00000000c8600000, 0x00000000ebb00000)
  object space 88064K, 99% used [0x00000000c3000000,0x00000000c85bbdf0,0x00000000c8600000)
 Metaspace       used 19127K, capacity 19512K, committed 19840K, reserved 1067008K
  class space    used 2231K, capacity 2380K, committed 2432K, reserved 1048576K
Event: 61.418 GC heap after
Heap after GC invocations=111 (full 13):
 PSYoungGen      total 273408K, used 0K [0x00000000ebb00000, 0x0000000100000000, 0x0000000100000000)
  eden space 228352K, 0% used [0x00000000ebb00000,0x00000000ebb00000,0x00000000f9a00000)
  from space 45056K, 0% used [0x00000000fd400000,0x00000000fd400000,0x0000000100000000)
  to   space 52224K, 0% used [0x00000000f9a00000,0x00000000f9a00000,0x00000000fcd00000)
 ParOldGen       total 89600K, used 69022K [0x00000000c3000000, 0x00000000c8780000, 0x00000000ebb00000)
  object space 89600K, 77% used [0x00000000c3000000,0x00000000c7367a90,0x00000000c8780000)
 Metaspace       used 19127K, capacity 19512K, committed 19840K, reserved 1067008K
  class space    used 2231K, capacity 2380K, committed 2432K, reserved 1048576K
}
Event: 63.287 GC heap before
{Heap before GC invocations=112 (full 13):
 PSYoungGen      total 273408K, used 228352K [0x00000000ebb00000, 0x0000000100000000, 0x0000000100000000)
  eden space 228352K, 100% used [0x00000000ebb00000,0x00000000f9a00000,0x00000000f9a00000)
  from space 45056K, 0% used [0x00000000fd400000,0x00000000fd400000,0x0000000100000000)
  to   space 52224K, 0% used [0x00000000f9a00000,0x00000000f9a00000,0x00000000fcd00000)
 ParOldGen       total 89600K, used 69022K [0x00000000c3000000, 0x00000000c8780000, 0x00000000ebb00000)
  object space 89600K, 77% used [0x00000000c3000000,0x00000000c7367a90,0x00000000c8780000)
 Metaspace       used 19132K, capacity 19512K, committed 19840K, reserved 1067008K
  class space    used 2232K, capacity 2380K, committed 2432K, reserved 1048576K
Event: 63.424 GC heap after
Heap after GC invocations=112 (full 13):
 PSYoungGen      total 276992K, used 48639K [0x00000000ebb00000, 0x0000000100000000, 0x0000000100000000)
  eden space 228352K, 0% used [0x00000000ebb00000,0x00000000ebb00000,0x00000000f9a00000)
  from space 48640K, 99% used [0x00000000f9a00000,0x00000000fc97fcb8,0x00000000fc980000)
  to   space 53248K, 0% used [0x00000000fcc00000,0x00000000fcc00000,0x0000000100000000)
 ParOldGen       total 89600K, used 69022K [0x00000000c3000000, 0x00000000c8780000, 0x00000000ebb00000)
  object space 89600K, 77% used [0x00000000c3000000,0x00000000c7367a90,0x00000000c8780000)
 Metaspace       used 19132K, capacity 19512K, committed 19840K, reserved 1067008K
  class space    used 2232K, capacity 2380K, committed 2432K, reserved 1048576K
}
Event: 65.662 GC heap before
{Heap before GC invocations=113 (full 13):
 PSYoungGen      total 276992K, used 276991K [0x00000000ebb00000, 0x0000000100000000, 0x0000000100000000)
  eden space 228352K, 100% used [0x00000000ebb00000,0x00000000f9a00000,0x00000000f9a00000)
  from space 48640K, 99% used [0x00000000f9a00000,0x00000000fc97fcb8,0x00000000fc980000)
  to   space 53248K, 0% used [0x00000000fcc00000,0x00000000fcc00000,0x0000000100000000)
 ParOldGen       total 89600K, used 69022K [0x00000000c3000000, 0x00000000c8780000, 0x00000000ebb00000)
  object space 89600K, 77% used [0x00000000c3000000,0x00000000c7367a90,0x00000000c8780000)
 Metaspace       used 19132K, capacity 19512K, committed 19840K, reserved 1067008K
  class space    used 2232K, capacity 2380K, committed 2432K, reserved 1048576K
Event: 65.867 GC heap after
Heap after GC invocations=113 (full 13):
 PSYoungGen      total 276480K, used 51230K [0x00000000ebb00000, 0x0000000100000000, 0x0000000100000000)
  eden space 223232K, 0% used [0x00000000ebb00000,0x00000000ebb00000,0x00000000f9500000)
  from space 53248K, 96% used [0x00000000fcc00000,0x00000000ffe07a90,0x0000000100000000)
  to   space 54784K, 0% used [0x00000000f9500000,0x00000000f9500000,0x00000000fca80000)
 ParOldGen       total 89600K, used 70446K [0x00000000c3000000, 0x00000000c8780000, 0x00000000ebb00000)
  object space 89600K, 78% used [0x00000000c3000000,0x00000000c74cba90,0x00000000c8780000)
 Metaspace       used 19132K, capacity 19512K, committed 19840K, reserved 1067008K
  class space    used 2232K, capacity 2380K, committed 2432K, reserved 1048576K
}

