# JRE version: Java(TM) SE Runtime Environment (8.0_05-b13) (build 1.8.0_05-b13)
# Java VM: Java HotSpot(TM) 64-Bit Server VM (25.5-b02 mixed mode linux-amd64 compressed oops)
Heap:
 PSYoungGen      total 50688K, used 12907K [0x00000000ebb00000, 0x00000000f0400000, 0x0000000100000000)
  eden space 46592K, 27% used [0x00000000ebb00000,0x00000000ec79ae50,0x00000000ee880000)
  from space 4096K, 0% used [0x00000000ee880000,0x00000000ee880000,0x00000000eec80000)
  to   space 4608K, 0% used [0x00000000eff80000,0x00000000eff80000,0x00000000f0400000)
 ParOldGen       total 14336K, used 10933K [0x00000000c3000000, 0x00000000c3e00000, 0x00000000ebb00000)
  object space 14336K, 76% used [0x00000000c3000000,0x00000000c3aad6e0,0x00000000c3e00000)
 Metaspace       used 22593K, capacity 22886K, committed 23296K, reserved 1069056K
  class space    used 2922K, capacity 3028K, committed 3072K, reserved 1048576K
GC Heap History (10 events):
Event: 1.905 GC heap before
{Heap before GC invocations=14 (full 0):
 PSYoungGen      total 20992K, used 20826K [0x00000000ebb00000, 0x00000000edd00000, 0x0000000100000000)
  eden space 18944K, 100% used [0x00000000ebb00000,0x00000000ecd80000,0x00000000ecd80000)
  from space 2048K, 91% used [0x00000000ecd80000,0x00000000ecf56b88,0x00000000ecf80000)
  to   space 2048K, 0% used [0x00000000edb00000,0x00000000edb00000,0x00000000edd00000)
 ParOldGen       total 61952K, used 3250K [0x00000000c3000000, 0x00000000c6c80000, 0x00000000ebb00000)
  object space 61952K, 5% used [0x00000000c3000000,0x00000000c332c890,0x00000000c6c80000)
 Metaspace       used 13377K, capacity 13586K, committed 13824K, reserved 1060864K
  class space    used 1646K, capacity 1709K, committed 1792K, reserved 1048576K
Event: 1.913 GC heap after
Heap after GC invocations=14 (full 0):
 PSYoungGen      total 31744K, used 2044K [0x00000000ebb00000, 0x00000000edf00000, 0x0000000100000000)
  eden space 29696K, 0% used [0x00000000ebb00000,0x00000000ebb00000,0x00000000ed800000)
  from space 2048K, 99% used [0x00000000edb00000,0x00000000edcff2e0,0x00000000edd00000)
  to   space 3072K, 0% used [0x00000000ed800000,0x00000000ed800000,0x00000000edb00000)
 ParOldGen       total 61952K, used 4290K [0x00000000c3000000, 0x00000000c6c80000, 0x00000000ebb00000)
  object space 61952K, 6% used [0x00000000c3000000,0x00000000c3430b90,0x00000000c6c80000)
 Metaspace       used 13377K, capacity 13586K, committed 13824K, reserved 1060864K
  class space    used 1646K, capacity 1709K, committed 1792K, reserved 1048576K
}
Event: 2.295 GC heap before
{Heap before GC invocations=15 (full 0):
 PSYoungGen      total 31744K, used 31740K [0x00000000ebb00000, 0x00000000edf00000, 0x0000000100000000)
  eden space 29696K, 100% used [0x00000000ebb00000,0x00000000ed800000,0x00000000ed800000)
  from space 2048K, 99% used [0x00000000edb00000,0x00000000edcff2e0,0x00000000edd00000)
  to   space 3072K, 0% used [0x00000000ed800000,0x00000000ed800000,0x00000000edb00000)
 ParOldGen       total 61952K, used 4290K [0x00000000c3000000, 0x00000000c6c80000, 0x00000000ebb00000)
  object space 61952K, 6% used [0x00000000c3000000,0x00000000c3430b90,0x00000000c6c80000)
 Metaspace       used 13625K, capacity 13816K, committed 14080K, reserved 1060864K
  class space    used 1664K, capacity 1742K, committed 1792K, reserved 1048576K
Event: 2.302 GC heap after
Heap after GC invocations=15 (full 0):
 PSYoungGen      total 32768K, used 1600K [0x00000000ebb00000, 0x00000000eef80000, 0x0000000100000000)
  eden space 29696K, 0% used [0x00000000ebb00000,0x00000000ebb00000,0x00000000ed800000)
  from space 3072K, 52% used [0x00000000ed800000,0x00000000ed990000,0x00000000edb00000)
  to   space 3072K, 0% used [0x00000000eec80000,0x00000000eec80000,0x00000000eef80000)
 ParOldGen       total 61952K, used 5330K [0x00000000c3000000, 0x00000000c6c80000, 0x00000000ebb00000)
  object space 61952K, 8% used [0x00000000c3000000,0x00000000c3534bb0,0x00000000c6c80000)
 Metaspace       used 13625K, capacity 13816K, committed 14080K, reserved 1060864K
  class space    used 1664K, capacity 1742K, committed 1792K, reserved 1048576K
}
Event: 2.862 GC heap before
{Heap before GC invocations=16 (full 0):
 PSYoungGen      total 32768K, used 31296K [0x00000000ebb00000, 0x00000000eef80000, 0x0000000100000000)
  eden space 29696K, 100% used [0x00000000ebb00000,0x00000000ed800000,0x00000000ed800000)
  from space 3072K, 52% used [0x00000000ed800000,0x00000000ed990000,0x00000000edb00000)
  to   space 3072K, 0% used [0x00000000eec80000,0x00000000eec80000,0x00000000eef80000)
 ParOldGen       total 61952K, used 5330K [0x00000000c3000000, 0x00000000c6c80000, 0x00000000ebb00000)
  object space 61952K, 8% used [0x00000000c3000000,0x00000000c3534bb0,0x00000000c6c80000)
 Metaspace       used 16467K, capacity 16738K, committed 17024K, reserved 1064960K
  class space    used 2055K, capacity 2157K, committed 2176K, reserved 1048576K
Event: 2.873 GC heap after
Heap after GC invocations=16 (full 0):
 PSYoungGen      total 49664K, used 3043K [0x00000000ebb00000, 0x00000000ef180000, 0x0000000100000000)
  eden space 46592K, 0% used [0x00000000ebb00000,0x00000000ebb00000,0x00000000ee880000)
  from space 3072K, 99% used [0x00000000eec80000,0x00000000eef78ea8,0x00000000eef80000)
  to   space 4096K, 0% used [0x00000000ee880000,0x00000000ee880000,0x00000000eec80000)
 ParOldGen       total 61952K, used 7124K [0x00000000c3000000, 0x00000000c6c80000, 0x00000000ebb00000)
  object space 61952K, 11% used [0x00000000c3000000,0x00000000c36f5328,0x00000000c6c80000)
 Metaspace       used 16467K, capacity 16738K, committed 17024K, reserved 1064960K
  class space    used 2055K, capacity 2157K, committed 2176K, reserved 1048576K
}
Event: 3.364 GC heap before
{Heap before GC invocations=17 (full 0):
 PSYoungGen      total 49664K, used 24812K [0x00000000ebb00000, 0x00000000ef180000, 0x0000000100000000)
  eden space 46592K, 46% used [0x00000000ebb00000,0x00000000ed0423d8,0x00000000ee880000)
  from space 3072K, 99% used [0x00000000eec80000,0x00000000eef78ea8,0x00000000eef80000)
  to   space 4096K, 0% used [0x00000000ee880000,0x00000000ee880000,0x00000000eec80000)
 ParOldGen       total 61952K, used 7124K [0x00000000c3000000, 0x00000000c6c80000, 0x00000000ebb00000)
  object space 61952K, 11% used [0x00000000c3000000,0x00000000c36f5328,0x00000000c6c80000)
 Metaspace       used 20786K, capacity 21102K, committed 21248K, reserved 1067008K
  class space    used 2687K, capacity 2799K, committed 2816K, reserved 1048576K
Event: 3.375 GC heap after
Heap after GC invocations=17 (full 0):
 PSYoungGen      total 50688K, used 4001K [0x00000000ebb00000, 0x00000000f0400000, 0x0000000100000000)
  eden space 46592K, 0% used [0x00000000ebb00000,0x00000000ebb00000,0x00000000ee880000)
  from space 4096K, 97% used [0x00000000ee880000,0x00000000eec686e8,0x00000000eec80000)
  to   space 4608K, 0% used [0x00000000eff80000,0x00000000eff80000,0x00000000f0400000)
 ParOldGen       total 61952K, used 9032K [0x00000000c3000000, 0x00000000c6c80000, 0x00000000ebb00000)
  object space 61952K, 14% used [0x00000000c3000000,0x00000000c38d2338,0x00000000c6c80000)
 Metaspace       used 20786K, capacity 21102K, committed 21248K, reserved 1067008K
  class space    used 2687K, capacity 2799K, committed 2816K, reserved 1048576K
}
Event: 3.375 GC heap before
{Heap before GC invocations=18 (full 1):
 PSYoungGen      total 50688K, used 4001K [0x00000000ebb00000, 0x00000000f0400000, 0x0000000100000000)
  eden space 46592K, 0% used [0x00000000ebb00000,0x00000000ebb00000,0x00000000ee880000)
  from space 4096K, 97% used [0x00000000ee880000,0x00000000eec686e8,0x00000000eec80000)
  to   space 4608K, 0% used [0x00000000eff80000,0x00000000eff80000,0x00000000f0400000)
 ParOldGen       total 61952K, used 9032K [0x00000000c3000000, 0x00000000c6c80000, 0x00000000ebb00000)
  object space 61952K, 14% used [0x00000000c3000000,0x00000000c38d2338,0x00000000c6c80000)
 Metaspace       used 20786K, capacity 21102K, committed 21248K, reserved 1067008K
  class space    used 2687K, capacity 2799K, committed 2816K, reserved 1048576K
Event: 3.462 GC heap after
Heap after GC invocations=18 (full 1):
 PSYoungGen      total 50688K, used 0K [0x00000000ebb00000, 0x00000000f0400000, 0x0000000100000000)
  eden space 46592K, 0% used [0x00000000ebb00000,0x00000000ebb00000,0x00000000ee880000)
  from space 4096K, 0% used [0x00000000ee880000,0x00000000ee880000,0x00000000eec80000)
  to   space 4608K, 0% used [0x00000000eff80000,0x00000000eff80000,0x00000000f0400000)
 ParOldGen       total 14336K, used 10933K [0x00000000c3000000, 0x00000000c3e00000, 0x00000000ebb00000)
  object space 14336K, 76% used [0x00000000c3000000,0x00000000c3aad6e0,0x00000000c3e00000)
 Metaspace       used 20786K, capacity 21102K, committed 21248K, reserved 1067008K
  class space    used 2687K, capacity 2799K, committed 2816K, reserved 1048576K
}

