# JRE version: Java(TM) SE Runtime Environment (8.0_05-b13) (build 1.8.0_05-b13)
# Java VM: Java HotSpot(TM) 64-Bit Server VM (25.5-b02 mixed mode linux-amd64 compressed oops)
Heap:
 PSYoungGen      total 51200K, used 15154K [0x00000000ebb00000, 0x00000000f0480000, 0x0000000100000000)
  eden space 47104K, 32% used [0x00000000ebb00000,0x00000000ec9ccab8,0x00000000ee900000)
  from space 4096K, 0% used [0x00000000ee900000,0x00000000ee900000,0x00000000eed00000)
  to   space 4608K, 0% used [0x00000000f0000000,0x00000000f0000000,0x00000000f0480000)
 ParOldGen       total 14336K, used 10913K [0x00000000c3000000, 0x00000000c3e00000, 0x00000000ebb00000)
  object space 14336K, 76% used [0x00000000c3000000,0x00000000c3aa8650,0x00000000c3e00000)
 Metaspace       used 22608K, capacity 22950K, committed 23296K, reserved 1069056K
  class space    used 2935K, capacity 3028K, committed 3072K, reserved 1048576K
GC Heap History (10 events):
Event: 1.879 GC heap before
{Heap before GC invocations=14 (full 0):
 PSYoungGen      total 20992K, used 20767K [0x00000000ebb00000, 0x00000000edd00000, 0x0000000100000000)
  eden space 18944K, 100% used [0x00000000ebb00000,0x00000000ecd80000,0x00000000ecd80000)
  from space 2048K, 89% used [0x00000000ecd80000,0x00000000ecf47ef0,0x00000000ecf80000)
  to   space 2048K, 0% used [0x00000000edb00000,0x00000000edb00000,0x00000000edd00000)
 ParOldGen       total 61952K, used 3234K [0x00000000c3000000, 0x00000000c6c80000, 0x00000000ebb00000)
  object space 61952K, 5% used [0x00000000c3000000,0x00000000c3328a68,0x00000000c6c80000)
 Metaspace       used 13342K, capacity 13618K, committed 13824K, reserved 1060864K
  class space    used 1648K, capacity 1741K, committed 1792K, reserved 1048576K
Event: 1.887 GC heap after
Heap after GC invocations=14 (full 0):
 PSYoungGen      total 32256K, used 2044K [0x00000000ebb00000, 0x00000000ede00000, 0x0000000100000000)
  eden space 30208K, 0% used [0x00000000ebb00000,0x00000000ebb00000,0x00000000ed880000)
  from space 2048K, 99% used [0x00000000edb00000,0x00000000edcff2e0,0x00000000edd00000)
  to   space 2560K, 0% used [0x00000000ed880000,0x00000000ed880000,0x00000000edb00000)
 ParOldGen       total 61952K, used 4267K [0x00000000c3000000, 0x00000000c6c80000, 0x00000000ebb00000)
  object space 61952K, 6% used [0x00000000c3000000,0x00000000c342ad68,0x00000000c6c80000)
 Metaspace       used 13342K, capacity 13618K, committed 13824K, reserved 1060864K
  class space    used 1648K, capacity 1741K, committed 1792K, reserved 1048576K
}
Event: 2.190 GC heap before
{Heap before GC invocations=15 (full 0):
 PSYoungGen      total 32256K, used 32252K [0x00000000ebb00000, 0x00000000ede00000, 0x0000000100000000)
  eden space 30208K, 100% used [0x00000000ebb00000,0x00000000ed880000,0x00000000ed880000)
  from space 2048K, 99% used [0x00000000edb00000,0x00000000edcff2e0,0x00000000edd00000)
  to   space 2560K, 0% used [0x00000000ed880000,0x00000000ed880000,0x00000000edb00000)
 ParOldGen       total 61952K, used 4267K [0x00000000c3000000, 0x00000000c6c80000, 0x00000000ebb00000)
  object space 61952K, 6% used [0x00000000c3000000,0x00000000c342ad68,0x00000000c6c80000)
 Metaspace       used 13583K, capacity 13816K, committed 14080K, reserved 1060864K
  class space    used 1666K, capacity 1742K, committed 1792K, reserved 1048576K
Event: 2.208 GC heap after
Heap after GC invocations=15 (full 0):
 PSYoungGen      total 32768K, used 1616K [0x00000000ebb00000, 0x00000000eef80000, 0x0000000100000000)
  eden space 30208K, 0% used [0x00000000ebb00000,0x00000000ebb00000,0x00000000ed880000)
  from space 2560K, 63% used [0x00000000ed880000,0x00000000eda14010,0x00000000edb00000)
  to   space 2560K, 0% used [0x00000000eed00000,0x00000000eed00000,0x00000000eef80000)
 ParOldGen       total 61952K, used 5325K [0x00000000c3000000, 0x00000000c6c80000, 0x00000000ebb00000)
  object space 61952K, 8% used [0x00000000c3000000,0x00000000c3533458,0x00000000c6c80000)
 Metaspace       used 13583K, capacity 13816K, committed 14080K, reserved 1060864K
  class space    used 1666K, capacity 1742K, committed 1792K, reserved 1048576K
}
Event: 2.684 GC heap before
{Heap before GC invocations=16 (full 0):
 PSYoungGen      total 32768K, used 31824K [0x00000000ebb00000, 0x00000000eef80000, 0x0000000100000000)
  eden space 30208K, 100% used [0x00000000ebb00000,0x00000000ed880000,0x00000000ed880000)
  from space 2560K, 63% used [0x00000000ed880000,0x00000000eda14010,0x00000000edb00000)
  to   space 2560K, 0% used [0x00000000eed00000,0x00000000eed00000,0x00000000eef80000)
 ParOldGen       total 61952K, used 5325K [0x00000000c3000000, 0x00000000c6c80000, 0x00000000ebb00000)
  object space 61952K, 8% used [0x00000000c3000000,0x00000000c3533458,0x00000000c6c80000)
 Metaspace       used 16422K, capacity 16802K, committed 17024K, reserved 1064960K
  class space    used 2059K, capacity 2157K, committed 2176K, reserved 1048576K
Event: 2.698 GC heap after
Heap after GC invocations=16 (full 0):
 PSYoungGen      total 49664K, used 2559K [0x00000000ebb00000, 0x00000000ef280000, 0x0000000100000000)
  eden space 47104K, 0% used [0x00000000ebb00000,0x00000000ebb00000,0x00000000ee900000)
  from space 2560K, 99% used [0x00000000eed00000,0x00000000eef7fe28,0x00000000eef80000)
  to   space 4096K, 0% used [0x00000000ee900000,0x00000000ee900000,0x00000000eed00000)
 ParOldGen       total 61952K, used 7674K [0x00000000c3000000, 0x00000000c6c80000, 0x00000000ebb00000)
  object space 61952K, 12% used [0x00000000c3000000,0x00000000c377e8a8,0x00000000c6c80000)
 Metaspace       used 16422K, capacity 16802K, committed 17024K, reserved 1064960K
  class space    used 2059K, capacity 2157K, committed 2176K, reserved 1048576K
}
Event: 3.127 GC heap before
{Heap before GC invocations=17 (full 0):
 PSYoungGen      total 49664K, used 23836K [0x00000000ebb00000, 0x00000000ef280000, 0x0000000100000000)
  eden space 47104K, 45% used [0x00000000ebb00000,0x00000000ecfc71d8,0x00000000ee900000)
  from space 2560K, 99% used [0x00000000eed00000,0x00000000eef7fe28,0x00000000eef80000)
  to   space 4096K, 0% used [0x00000000ee900000,0x00000000ee900000,0x00000000eed00000)
 ParOldGen       total 61952K, used 7674K [0x00000000c3000000, 0x00000000c6c80000, 0x00000000ebb00000)
  object space 61952K, 12% used [0x00000000c3000000,0x00000000c377e8a8,0x00000000c6c80000)
 Metaspace       used 20742K, capacity 21102K, committed 21248K, reserved 1067008K
  class space    used 2693K, capacity 2799K, committed 2816K, reserved 1048576K
Event: 3.138 GC heap after
Heap after GC invocations=17 (full 0):
 PSYoungGen      total 51200K, used 3898K [0x00000000ebb00000, 0x00000000f0480000, 0x0000000100000000)
  eden space 47104K, 0% used [0x00000000ebb00000,0x00000000ebb00000,0x00000000ee900000)
  from space 4096K, 95% used [0x00000000ee900000,0x00000000eecceb80,0x00000000eed00000)
  to   space 4608K, 0% used [0x00000000f0000000,0x00000000f0000000,0x00000000f0480000)
 ParOldGen       total 61952K, used 9642K [0x00000000c3000000, 0x00000000c6c80000, 0x00000000ebb00000)
  object space 61952K, 15% used [0x00000000c3000000,0x00000000c396a8f8,0x00000000c6c80000)
 Metaspace       used 20742K, capacity 21102K, committed 21248K, reserved 1067008K
  class space    used 2693K, capacity 2799K, committed 2816K, reserved 1048576K
}
Event: 3.138 GC heap before
{Heap before GC invocations=18 (full 1):
 PSYoungGen      total 51200K, used 3898K [0x00000000ebb00000, 0x00000000f0480000, 0x0000000100000000)
  eden space 47104K, 0% used [0x00000000ebb00000,0x00000000ebb00000,0x00000000ee900000)
  from space 4096K, 95% used [0x00000000ee900000,0x00000000eecceb80,0x00000000eed00000)
  to   space 4608K, 0% used [0x00000000f0000000,0x00000000f0000000,0x00000000f0480000)
 ParOldGen       total 61952K, used 9642K [0x00000000c3000000, 0x00000000c6c80000, 0x00000000ebb00000)
  object space 61952K, 15% used [0x00000000c3000000,0x00000000c396a8f8,0x00000000c6c80000)
 Metaspace       used 20742K, capacity 21102K, committed 21248K, reserved 1067008K
  class space    used 2693K, capacity 2799K, committed 2816K, reserved 1048576K
Event: 3.259 GC heap after
Heap after GC invocations=18 (full 1):
 PSYoungGen      total 51200K, used 0K [0x00000000ebb00000, 0x00000000f0480000, 0x0000000100000000)
  eden space 47104K, 0% used [0x00000000ebb00000,0x00000000ebb00000,0x00000000ee900000)
  from space 4096K, 0% used [0x00000000ee900000,0x00000000ee900000,0x00000000eed00000)
  to   space 4608K, 0% used [0x00000000f0000000,0x00000000f0000000,0x00000000f0480000)
 ParOldGen       total 14336K, used 10913K [0x00000000c3000000, 0x00000000c3e00000, 0x00000000ebb00000)
  object space 14336K, 76% used [0x00000000c3000000,0x00000000c3aa8650,0x00000000c3e00000)
 Metaspace       used 20742K, capacity 21102K, committed 21248K, reserved 1067008K
  class space    used 2693K, capacity 2799K, committed 2816K, reserved 1048576K
}

