# JRE version: Java(TM) SE Runtime Environment (8.0_05-b13) (build 1.8.0_05-b13)
# Java VM: Java HotSpot(TM) 64-Bit Server VM (25.5-b02 mixed mode linux-amd64 compressed oops)
Heap:
 PSYoungGen      total 51200K, used 12502K [0x00000000ebb00000, 0x00000000f0480000, 0x0000000100000000)
  eden space 47104K, 26% used [0x00000000ebb00000,0x00000000ec735980,0x00000000ee900000)
  from space 4096K, 0% used [0x00000000ee900000,0x00000000ee900000,0x00000000eed00000)
  to   space 4608K, 0% used [0x00000000f0000000,0x00000000f0000000,0x00000000f0480000)
 ParOldGen       total 14336K, used 10902K [0x00000000c3000000, 0x00000000c3e00000, 0x00000000ebb00000)
  object space 14336K, 76% used [0x00000000c3000000,0x00000000c3aa5af8,0x00000000c3e00000)
 Metaspace       used 22577K, capacity 22886K, committed 23296K, reserved 1069056K
  class space    used 2923K, capacity 3028K, committed 3072K, reserved 1048576K
GC Heap History (10 events):
Event: 2.027 GC heap before
{Heap before GC invocations=14 (full 0):
 PSYoungGen      total 20992K, used 20846K [0x00000000ebb00000, 0x00000000edd00000, 0x0000000100000000)
  eden space 18944K, 100% used [0x00000000ebb00000,0x00000000ecd80000,0x00000000ecd80000)
  from space 2048K, 92% used [0x00000000ecd80000,0x00000000ecf5baa8,0x00000000ecf80000)
  to   space 2048K, 0% used [0x00000000edb00000,0x00000000edb00000,0x00000000edd00000)
 ParOldGen       total 61952K, used 3289K [0x00000000c3000000, 0x00000000c6c80000, 0x00000000ebb00000)
  object space 61952K, 5% used [0x00000000c3000000,0x00000000c3336708,0x00000000c6c80000)
 Metaspace       used 13375K, capacity 13586K, committed 13824K, reserved 1060864K
  class space    used 1647K, capacity 1709K, committed 1792K, reserved 1048576K
Event: 2.039 GC heap after
Heap after GC invocations=14 (full 0):
 PSYoungGen      total 32256K, used 2030K [0x00000000ebb00000, 0x00000000ede00000, 0x0000000100000000)
  eden space 30208K, 0% used [0x00000000ebb00000,0x00000000ebb00000,0x00000000ed880000)
  from space 2048K, 99% used [0x00000000edb00000,0x00000000edcfb868,0x00000000edd00000)
  to   space 2560K, 0% used [0x00000000ed880000,0x00000000ed880000,0x00000000edb00000)
 ParOldGen       total 61952K, used 4302K [0x00000000c3000000, 0x00000000c6c80000, 0x00000000ebb00000)
  object space 61952K, 6% used [0x00000000c3000000,0x00000000c3433a90,0x00000000c6c80000)
 Metaspace       used 13375K, capacity 13586K, committed 13824K, reserved 1060864K
  class space    used 1647K, capacity 1709K, committed 1792K, reserved 1048576K
}
Event: 2.434 GC heap before
{Heap before GC invocations=15 (full 0):
 PSYoungGen      total 32256K, used 32238K [0x00000000ebb00000, 0x00000000ede00000, 0x0000000100000000)
  eden space 30208K, 100% used [0x00000000ebb00000,0x00000000ed880000,0x00000000ed880000)
  from space 2048K, 99% used [0x00000000edb00000,0x00000000edcfb868,0x00000000edd00000)
  to   space 2560K, 0% used [0x00000000ed880000,0x00000000ed880000,0x00000000edb00000)
 ParOldGen       total 61952K, used 4302K [0x00000000c3000000, 0x00000000c6c80000, 0x00000000ebb00000)
  object space 61952K, 6% used [0x00000000c3000000,0x00000000c3433a90,0x00000000c6c80000)
 Metaspace       used 13628K, capacity 13816K, committed 14080K, reserved 1060864K
  class space    used 1666K, capacity 1742K, committed 1792K, reserved 1048576K
Event: 2.442 GC heap after
Heap after GC invocations=15 (full 0):
 PSYoungGen      total 32768K, used 1600K [0x00000000ebb00000, 0x00000000eef80000, 0x0000000100000000)
  eden space 30208K, 0% used [0x00000000ebb00000,0x00000000ebb00000,0x00000000ed880000)
  from space 2560K, 62% used [0x00000000ed880000,0x00000000eda10020,0x00000000edb00000)
  to   space 2560K, 0% used [0x00000000eed00000,0x00000000eed00000,0x00000000eef80000)
 ParOldGen       total 61952K, used 5342K [0x00000000c3000000, 0x00000000c6c80000, 0x00000000ebb00000)
  object space 61952K, 8% used [0x00000000c3000000,0x00000000c3537ab0,0x00000000c6c80000)
 Metaspace       used 13628K, capacity 13816K, committed 14080K, reserved 1060864K
  class space    used 1666K, capacity 1742K, committed 1792K, reserved 1048576K
}
Event: 2.939 GC heap before
{Heap before GC invocations=16 (full 0):
 PSYoungGen      total 32768K, used 31808K [0x00000000ebb00000, 0x00000000eef80000, 0x0000000100000000)
  eden space 30208K, 100% used [0x00000000ebb00000,0x00000000ed880000,0x00000000ed880000)
  from space 2560K, 62% used [0x00000000ed880000,0x00000000eda10020,0x00000000edb00000)
  to   space 2560K, 0% used [0x00000000eed00000,0x00000000eed00000,0x00000000eef80000)
 ParOldGen       total 61952K, used 5342K [0x00000000c3000000, 0x00000000c6c80000, 0x00000000ebb00000)
  object space 61952K, 8% used [0x00000000c3000000,0x00000000c3537ab0,0x00000000c6c80000)
 Metaspace       used 16500K, capacity 16834K, committed 17152K, reserved 1064960K
  class space    used 2070K, capacity 2189K, committed 2304K, reserved 1048576K
Event: 2.950 GC heap after
Heap after GC invocations=16 (full 0):
 PSYoungGen      total 49664K, used 2560K [0x00000000ebb00000, 0x00000000ef280000, 0x0000000100000000)
  eden space 47104K, 0% used [0x00000000ebb00000,0x00000000ebb00000,0x00000000ee900000)
  from space 2560K, 100% used [0x00000000eed00000,0x00000000eef80000,0x00000000eef80000)
  to   space 4096K, 0% used [0x00000000ee900000,0x00000000ee900000,0x00000000eed00000)
 ParOldGen       total 61952K, used 7757K [0x00000000c3000000, 0x00000000c6c80000, 0x00000000ebb00000)
  object space 61952K, 12% used [0x00000000c3000000,0x00000000c3793408,0x00000000c6c80000)
 Metaspace       used 16500K, capacity 16834K, committed 17152K, reserved 1064960K
  class space    used 2070K, capacity 2189K, committed 2304K, reserved 1048576K
}
Event: 3.422 GC heap before
{Heap before GC invocations=17 (full 0):
 PSYoungGen      total 49664K, used 23693K [0x00000000ebb00000, 0x00000000ef280000, 0x0000000100000000)
  eden space 47104K, 44% used [0x00000000ebb00000,0x00000000ecfa36e0,0x00000000ee900000)
  from space 2560K, 100% used [0x00000000eed00000,0x00000000eef80000,0x00000000eef80000)
  to   space 4096K, 0% used [0x00000000ee900000,0x00000000ee900000,0x00000000eed00000)
 ParOldGen       total 61952K, used 7757K [0x00000000c3000000, 0x00000000c6c80000, 0x00000000ebb00000)
  object space 61952K, 12% used [0x00000000c3000000,0x00000000c3793408,0x00000000c6c80000)
 Metaspace       used 20819K, capacity 21102K, committed 21248K, reserved 1067008K
  class space    used 2694K, capacity 2799K, committed 2816K, reserved 1048576K
Event: 3.437 GC heap after
Heap after GC invocations=17 (full 0):
 PSYoungGen      total 51200K, used 3944K [0x00000000ebb00000, 0x00000000f0480000, 0x0000000100000000)
  eden space 47104K, 0% used [0x00000000ebb00000,0x00000000ebb00000,0x00000000ee900000)
  from space 4096K, 96% used [0x00000000ee900000,0x00000000eecda140,0x00000000eed00000)
  to   space 4608K, 0% used [0x00000000f0000000,0x00000000f0000000,0x00000000f0480000)
 ParOldGen       total 61952K, used 9673K [0x00000000c3000000, 0x00000000c6c80000, 0x00000000ebb00000)
  object space 61952K, 15% used [0x00000000c3000000,0x00000000c3972418,0x00000000c6c80000)
 Metaspace       used 20819K, capacity 21102K, committed 21248K, reserved 1067008K
  class space    used 2694K, capacity 2799K, committed 2816K, reserved 1048576K
}
Event: 3.437 GC heap before
{Heap before GC invocations=18 (full 1):
 PSYoungGen      total 51200K, used 3944K [0x00000000ebb00000, 0x00000000f0480000, 0x0000000100000000)
  eden space 47104K, 0% used [0x00000000ebb00000,0x00000000ebb00000,0x00000000ee900000)
  from space 4096K, 96% used [0x00000000ee900000,0x00000000eecda140,0x00000000eed00000)
  to   space 4608K, 0% used [0x00000000f0000000,0x00000000f0000000,0x00000000f0480000)
 ParOldGen       total 61952K, used 9673K [0x00000000c3000000, 0x00000000c6c80000, 0x00000000ebb00000)
  object space 61952K, 15% used [0x00000000c3000000,0x00000000c3972418,0x00000000c6c80000)
 Metaspace       used 20819K, capacity 21102K, committed 21248K, reserved 1067008K
  class space    used 2694K, capacity 2799K, committed 2816K, reserved 1048576K
Event: 3.523 GC heap after
Heap after GC invocations=18 (full 1):
 PSYoungGen      total 51200K, used 0K [0x00000000ebb00000, 0x00000000f0480000, 0x0000000100000000)
  eden space 47104K, 0% used [0x00000000ebb00000,0x00000000ebb00000,0x00000000ee900000)
  from space 4096K, 0% used [0x00000000ee900000,0x00000000ee900000,0x00000000eed00000)
  to   space 4608K, 0% used [0x00000000f0000000,0x00000000f0000000,0x00000000f0480000)
 ParOldGen       total 14336K, used 10902K [0x00000000c3000000, 0x00000000c3e00000, 0x00000000ebb00000)
  object space 14336K, 76% used [0x00000000c3000000,0x00000000c3aa5af8,0x00000000c3e00000)
 Metaspace       used 20819K, capacity 21102K, committed 21248K, reserved 1067008K
  class space    used 2694K, capacity 2799K, committed 2816K, reserved 1048576K
}

