# JRE version: Java(TM) SE Runtime Environment (8.0_05-b13) (build 1.8.0_05-b13)
# Java VM: Java HotSpot(TM) 64-Bit Server VM (25.5-b02 mixed mode linux-amd64 compressed oops)
Heap:
 PSYoungGen      total 50688K, used 15245K [0x00000000ebb00000, 0x00000000f0400000, 0x0000000100000000)
  eden space 46592K, 32% used [0x00000000ebb00000,0x00000000ec9e35c8,0x00000000ee880000)
  from space 4096K, 0% used [0x00000000ee880000,0x00000000ee880000,0x00000000eec80000)
  to   space 4608K, 0% used [0x00000000eff80000,0x00000000eff80000,0x00000000f0400000)
 ParOldGen       total 14336K, used 10950K [0x00000000c3000000, 0x00000000c3e00000, 0x00000000ebb00000)
  object space 14336K, 76% used [0x00000000c3000000,0x00000000c3ab1928,0x00000000c3e00000)
 Metaspace       used 22627K, capacity 22950K, committed 23296K, reserved 1069056K
  class space    used 2936K, capacity 3028K, committed 3072K, reserved 1048576K
GC Heap History (10 events):
Event: 2.051 GC heap before
{Heap before GC invocations=14 (full 0):
 PSYoungGen      total 20992K, used 20879K [0x00000000ebb00000, 0x00000000edd00000, 0x0000000100000000)
  eden space 18944K, 100% used [0x00000000ebb00000,0x00000000ecd80000,0x00000000ecd80000)
  from space 2048K, 94% used [0x00000000ecd80000,0x00000000ecf63d78,0x00000000ecf80000)
  to   space 2048K, 0% used [0x00000000edb00000,0x00000000edb00000,0x00000000edd00000)
 ParOldGen       total 61952K, used 3272K [0x00000000c3000000, 0x00000000c6c80000, 0x00000000ebb00000)
  object space 61952K, 5% used [0x00000000c3000000,0x00000000c3332198,0x00000000c6c80000)
 Metaspace       used 13360K, capacity 13618K, committed 13824K, reserved 1060864K
  class space    used 1647K, capacity 1741K, committed 1792K, reserved 1048576K
Event: 2.059 GC heap after
Heap after GC invocations=14 (full 0):
 PSYoungGen      total 31744K, used 2044K [0x00000000ebb00000, 0x00000000edf00000, 0x0000000100000000)
  eden space 29696K, 0% used [0x00000000ebb00000,0x00000000ebb00000,0x00000000ed800000)
  from space 2048K, 99% used [0x00000000edb00000,0x00000000edcff2e0,0x00000000edd00000)
  to   space 3072K, 0% used [0x00000000ed800000,0x00000000ed800000,0x00000000edb00000)
 ParOldGen       total 61952K, used 4305K [0x00000000c3000000, 0x00000000c6c80000, 0x00000000ebb00000)
  object space 61952K, 6% used [0x00000000c3000000,0x00000000c3434498,0x00000000c6c80000)
 Metaspace       used 13360K, capacity 13618K, committed 13824K, reserved 1060864K
  class space    used 1647K, capacity 1741K, committed 1792K, reserved 1048576K
}
Event: 2.405 GC heap before
{Heap before GC invocations=15 (full 0):
 PSYoungGen      total 31744K, used 31740K [0x00000000ebb00000, 0x00000000edf00000, 0x0000000100000000)
  eden space 29696K, 100% used [0x00000000ebb00000,0x00000000ed800000,0x00000000ed800000)
  from space 2048K, 99% used [0x00000000edb00000,0x00000000edcff2e0,0x00000000edd00000)
  to   space 3072K, 0% used [0x00000000ed800000,0x00000000ed800000,0x00000000edb00000)
 ParOldGen       total 61952K, used 4305K [0x00000000c3000000, 0x00000000c6c80000, 0x00000000ebb00000)
  object space 61952K, 6% used [0x00000000c3000000,0x00000000c3434498,0x00000000c6c80000)
 Metaspace       used 13612K, capacity 13816K, committed 14080K, reserved 1060864K
  class space    used 1665K, capacity 1742K, committed 1792K, reserved 1048576K
Event: 2.412 GC heap after
Heap after GC invocations=15 (full 0):
 PSYoungGen      total 32768K, used 1632K [0x00000000ebb00000, 0x00000000eef80000, 0x0000000100000000)
  eden space 29696K, 0% used [0x00000000ebb00000,0x00000000ebb00000,0x00000000ed800000)
  from space 3072K, 53% used [0x00000000ed800000,0x00000000ed998000,0x00000000edb00000)
  to   space 3072K, 0% used [0x00000000eec80000,0x00000000eec80000,0x00000000eef80000)
 ParOldGen       total 61952K, used 5345K [0x00000000c3000000, 0x00000000c6c80000, 0x00000000ebb00000)
  object space 61952K, 8% used [0x00000000c3000000,0x00000000c35384b8,0x00000000c6c80000)
 Metaspace       used 13612K, capacity 13816K, committed 14080K, reserved 1060864K
  class space    used 1665K, capacity 1742K, committed 1792K, reserved 1048576K
}
Event: 2.930 GC heap before
{Heap before GC invocations=16 (full 0):
 PSYoungGen      total 32768K, used 31328K [0x00000000ebb00000, 0x00000000eef80000, 0x0000000100000000)
  eden space 29696K, 100% used [0x00000000ebb00000,0x00000000ed800000,0x00000000ed800000)
  from space 3072K, 53% used [0x00000000ed800000,0x00000000ed998000,0x00000000edb00000)
  to   space 3072K, 0% used [0x00000000eec80000,0x00000000eec80000,0x00000000eef80000)
 ParOldGen       total 61952K, used 5345K [0x00000000c3000000, 0x00000000c6c80000, 0x00000000ebb00000)
  object space 61952K, 8% used [0x00000000c3000000,0x00000000c35384b8,0x00000000c6c80000)
 Metaspace       used 16426K, capacity 16738K, committed 17024K, reserved 1064960K
  class space    used 2054K, capacity 2157K, committed 2176K, reserved 1048576K
Event: 2.940 GC heap after
Heap after GC invocations=16 (full 0):
 PSYoungGen      total 49664K, used 3056K [0x00000000ebb00000, 0x00000000ef180000, 0x0000000100000000)
  eden space 46592K, 0% used [0x00000000ebb00000,0x00000000ebb00000,0x00000000ee880000)
  from space 3072K, 99% used [0x00000000eec80000,0x00000000eef7c3a8,0x00000000eef80000)
  to   space 4096K, 0% used [0x00000000ee880000,0x00000000ee880000,0x00000000eec80000)
 ParOldGen       total 61952K, used 7125K [0x00000000c3000000, 0x00000000c6c80000, 0x00000000ebb00000)
  object space 61952K, 11% used [0x00000000c3000000,0x00000000c36f5578,0x00000000c6c80000)
 Metaspace       used 16426K, capacity 16738K, committed 17024K, reserved 1064960K
  class space    used 2054K, capacity 2157K, committed 2176K, reserved 1048576K
}
Event: 3.377 GC heap before
{Heap before GC invocations=17 (full 0):
 PSYoungGen      total 49664K, used 24800K [0x00000000ebb00000, 0x00000000ef180000, 0x0000000100000000)
  eden space 46592K, 46% used [0x00000000ebb00000,0x00000000ed03bf00,0x00000000ee880000)
  from space 3072K, 99% used [0x00000000eec80000,0x00000000eef7c3a8,0x00000000eef80000)
  to   space 4096K, 0% used [0x00000000ee880000,0x00000000ee880000,0x00000000eec80000)
 ParOldGen       total 61952K, used 7125K [0x00000000c3000000, 0x00000000c6c80000, 0x00000000ebb00000)
  object space 61952K, 11% used [0x00000000c3000000,0x00000000c36f5578,0x00000000c6c80000)
 Metaspace       used 20771K, capacity 21102K, committed 21248K, reserved 1067008K
  class space    used 2694K, capacity 2799K, committed 2816K, reserved 1048576K
Event: 3.388 GC heap after
Heap after GC invocations=17 (full 0):
 PSYoungGen      total 50688K, used 3958K [0x00000000ebb00000, 0x00000000f0400000, 0x0000000100000000)
  eden space 46592K, 0% used [0x00000000ebb00000,0x00000000ebb00000,0x00000000ee880000)
  from space 4096K, 96% used [0x00000000ee880000,0x00000000eec5dbb8,0x00000000eec80000)
  to   space 4608K, 0% used [0x00000000eff80000,0x00000000eff80000,0x00000000f0400000)
 ParOldGen       total 61952K, used 9037K [0x00000000c3000000, 0x00000000c6c80000, 0x00000000ebb00000)
  object space 61952K, 14% used [0x00000000c3000000,0x00000000c38d3578,0x00000000c6c80000)
 Metaspace       used 20771K, capacity 21102K, committed 21248K, reserved 1067008K
  class space    used 2694K, capacity 2799K, committed 2816K, reserved 1048576K
}
Event: 3.388 GC heap before
{Heap before GC invocations=18 (full 1):
 PSYoungGen      total 50688K, used 3958K [0x00000000ebb00000, 0x00000000f0400000, 0x0000000100000000)
  eden space 46592K, 0% used [0x00000000ebb00000,0x00000000ebb00000,0x00000000ee880000)
  from space 4096K, 96% used [0x00000000ee880000,0x00000000eec5dbb8,0x00000000eec80000)
  to   space 4608K, 0% used [0x00000000eff80000,0x00000000eff80000,0x00000000f0400000)
 ParOldGen       total 61952K, used 9037K [0x00000000c3000000, 0x00000000c6c80000, 0x00000000ebb00000)
  object space 61952K, 14% used [0x00000000c3000000,0x00000000c38d3578,0x00000000c6c80000)
 Metaspace       used 20771K, capacity 21102K, committed 21248K, reserved 1067008K
  class space    used 2694K, capacity 2799K, committed 2816K, reserved 1048576K
Event: 3.525 GC heap after
Heap after GC invocations=18 (full 1):
 PSYoungGen      total 50688K, used 0K [0x00000000ebb00000, 0x00000000f0400000, 0x0000000100000000)
  eden space 46592K, 0% used [0x00000000ebb00000,0x00000000ebb00000,0x00000000ee880000)
  from space 4096K, 0% used [0x00000000ee880000,0x00000000ee880000,0x00000000eec80000)
  to   space 4608K, 0% used [0x00000000eff80000,0x00000000eff80000,0x00000000f0400000)
 ParOldGen       total 14336K, used 10950K [0x00000000c3000000, 0x00000000c3e00000, 0x00000000ebb00000)
  object space 14336K, 76% used [0x00000000c3000000,0x00000000c3ab1928,0x00000000c3e00000)
 Metaspace       used 20771K, capacity 21102K, committed 21248K, reserved 1067008K
  class space    used 2694K, capacity 2799K, committed 2816K, reserved 1048576K
}

