# JRE version: Java(TM) SE Runtime Environment (8.0_05-b13) (build 1.8.0_05-b13)
# Java VM: Java HotSpot(TM) 64-Bit Server VM (25.5-b02 mixed mode linux-amd64 compressed oops)
Heap:
 PSYoungGen      total 51712K, used 13762K [0x00000000ebb00000, 0x00000000f0580000, 0x0000000100000000)
  eden space 47616K, 28% used [0x00000000ebb00000,0x00000000ec8709b8,0x00000000ee980000)
  from space 4096K, 0% used [0x00000000ee980000,0x00000000ee980000,0x00000000eed80000)
  to   space 4608K, 0% used [0x00000000f0100000,0x00000000f0100000,0x00000000f0580000)
 ParOldGen       total 14336K, used 10825K [0x00000000c3000000, 0x00000000c3e00000, 0x00000000ebb00000)
  object space 14336K, 75% used [0x00000000c3000000,0x00000000c3a926c0,0x00000000c3e00000)
 Metaspace       used 22597K, capacity 22886K, committed 23296K, reserved 1069056K
  class space    used 2922K, capacity 3028K, committed 3072K, reserved 1048576K
GC Heap History (10 events):
Event: 1.997 GC heap before
{Heap before GC invocations=14 (full 0):
 PSYoungGen      total 20992K, used 20812K [0x00000000ebb00000, 0x00000000edd00000, 0x0000000100000000)
  eden space 18944K, 100% used [0x00000000ebb00000,0x00000000ecd80000,0x00000000ecd80000)
  from space 2048K, 91% used [0x00000000ecd80000,0x00000000ecf53220,0x00000000ecf80000)
  to   space 2048K, 0% used [0x00000000edb00000,0x00000000edb00000,0x00000000edd00000)
 ParOldGen       total 61952K, used 3317K [0x00000000c3000000, 0x00000000c6c80000, 0x00000000ebb00000)
  object space 61952K, 5% used [0x00000000c3000000,0x00000000c333d5a8,0x00000000c6c80000)
 Metaspace       used 13375K, capacity 13618K, committed 13824K, reserved 1060864K
  class space    used 1647K, capacity 1741K, committed 1792K, reserved 1048576K
Event: 2.004 GC heap after
Heap after GC invocations=14 (full 0):
 PSYoungGen      total 32256K, used 2028K [0x00000000ebb00000, 0x00000000ede00000, 0x0000000100000000)
  eden space 30208K, 0% used [0x00000000ebb00000,0x00000000ebb00000,0x00000000ed880000)
  from space 2048K, 99% used [0x00000000edb00000,0x00000000edcfb2d0,0x00000000edd00000)
  to   space 2560K, 0% used [0x00000000ed880000,0x00000000ed880000,0x00000000edb00000)
 ParOldGen       total 61952K, used 4358K [0x00000000c3000000, 0x00000000c6c80000, 0x00000000ebb00000)
  object space 61952K, 7% used [0x00000000c3000000,0x00000000c34418a8,0x00000000c6c80000)
 Metaspace       used 13375K, capacity 13618K, committed 13824K, reserved 1060864K
  class space    used 1647K, capacity 1741K, committed 1792K, reserved 1048576K
}
Event: 2.439 GC heap before
{Heap before GC invocations=15 (full 0):
 PSYoungGen      total 32256K, used 32236K [0x00000000ebb00000, 0x00000000ede00000, 0x0000000100000000)
  eden space 30208K, 100% used [0x00000000ebb00000,0x00000000ed880000,0x00000000ed880000)
  from space 2048K, 99% used [0x00000000edb00000,0x00000000edcfb2d0,0x00000000edd00000)
  to   space 2560K, 0% used [0x00000000ed880000,0x00000000ed880000,0x00000000edb00000)
 ParOldGen       total 61952K, used 4358K [0x00000000c3000000, 0x00000000c6c80000, 0x00000000ebb00000)
  object space 61952K, 7% used [0x00000000c3000000,0x00000000c34418a8,0x00000000c6c80000)
 Metaspace       used 13626K, capacity 13816K, committed 14080K, reserved 1060864K
  class space    used 1665K, capacity 1742K, committed 1792K, reserved 1048576K
Event: 2.448 GC heap after
Heap after GC invocations=15 (full 0):
 PSYoungGen      total 32768K, used 1632K [0x00000000ebb00000, 0x00000000ef080000, 0x0000000100000000)
  eden space 30208K, 0% used [0x00000000ebb00000,0x00000000ebb00000,0x00000000ed880000)
  from space 2560K, 63% used [0x00000000ed880000,0x00000000eda18020,0x00000000edb00000)
  to   space 3072K, 0% used [0x00000000eed80000,0x00000000eed80000,0x00000000ef080000)
 ParOldGen       total 61952K, used 5406K [0x00000000c3000000, 0x00000000c6c80000, 0x00000000ebb00000)
  object space 61952K, 8% used [0x00000000c3000000,0x00000000c35478c8,0x00000000c6c80000)
 Metaspace       used 13626K, capacity 13816K, committed 14080K, reserved 1060864K
  class space    used 1665K, capacity 1742K, committed 1792K, reserved 1048576K
}
Event: 3.024 GC heap before
{Heap before GC invocations=16 (full 0):
 PSYoungGen      total 32768K, used 31840K [0x00000000ebb00000, 0x00000000ef080000, 0x0000000100000000)
  eden space 30208K, 100% used [0x00000000ebb00000,0x00000000ed880000,0x00000000ed880000)
  from space 2560K, 63% used [0x00000000ed880000,0x00000000eda18020,0x00000000edb00000)
  to   space 3072K, 0% used [0x00000000eed80000,0x00000000eed80000,0x00000000ef080000)
 ParOldGen       total 61952K, used 5406K [0x00000000c3000000, 0x00000000c6c80000, 0x00000000ebb00000)
  object space 61952K, 8% used [0x00000000c3000000,0x00000000c35478c8,0x00000000c6c80000)
 Metaspace       used 16557K, capacity 16834K, committed 17152K, reserved 1064960K
  class space    used 2075K, capacity 2189K, committed 2304K, reserved 1048576K
Event: 3.038 GC heap after
Heap after GC invocations=16 (full 0):
 PSYoungGen      total 50688K, used 3071K [0x00000000ebb00000, 0x00000000ef280000, 0x0000000100000000)
  eden space 47616K, 0% used [0x00000000ebb00000,0x00000000ebb00000,0x00000000ee980000)
  from space 3072K, 99% used [0x00000000eed80000,0x00000000ef07ffe0,0x00000000ef080000)
  to   space 4096K, 0% used [0x00000000ee980000,0x00000000ee980000,0x00000000eed80000)
 ParOldGen       total 61952K, used 7356K [0x00000000c3000000, 0x00000000c6c80000, 0x00000000ebb00000)
  object space 61952K, 11% used [0x00000000c3000000,0x00000000c372f088,0x00000000c6c80000)
 Metaspace       used 16557K, capacity 16834K, committed 17152K, reserved 1064960K
  class space    used 2075K, capacity 2189K, committed 2304K, reserved 1048576K
}
Event: 3.506 GC heap before
{Heap before GC invocations=17 (full 0):
 PSYoungGen      total 50688K, used 23987K [0x00000000ebb00000, 0x00000000ef280000, 0x0000000100000000)
  eden space 47616K, 43% used [0x00000000ebb00000,0x00000000ecf6ccd8,0x00000000ee980000)
  from space 3072K, 99% used [0x00000000eed80000,0x00000000ef07ffe0,0x00000000ef080000)
  to   space 4096K, 0% used [0x00000000ee980000,0x00000000ee980000,0x00000000eed80000)
 ParOldGen       total 61952K, used 7356K [0x00000000c3000000, 0x00000000c6c80000, 0x00000000ebb00000)
  object space 61952K, 11% used [0x00000000c3000000,0x00000000c372f088,0x00000000c6c80000)
 Metaspace       used 20778K, capacity 21102K, committed 21248K, reserved 1067008K
  class space    used 2687K, capacity 2799K, committed 2816K, reserved 1048576K
Event: 3.521 GC heap after
Heap after GC invocations=17 (full 0):
 PSYoungGen      total 51712K, used 3832K [0x00000000ebb00000, 0x00000000f0580000, 0x0000000100000000)
  eden space 47616K, 0% used [0x00000000ebb00000,0x00000000ebb00000,0x00000000ee980000)
  from space 4096K, 93% used [0x00000000ee980000,0x00000000eed3e090,0x00000000eed80000)
  to   space 4608K, 0% used [0x00000000f0100000,0x00000000f0100000,0x00000000f0580000)
 ParOldGen       total 61952K, used 9276K [0x00000000c3000000, 0x00000000c6c80000, 0x00000000ebb00000)
  object space 61952K, 14% used [0x00000000c3000000,0x00000000c390f088,0x00000000c6c80000)
 Metaspace       used 20778K, capacity 21102K, committed 21248K, reserved 1067008K
  class space    used 2687K, capacity 2799K, committed 2816K, reserved 1048576K
}
Event: 3.521 GC heap before
{Heap before GC invocations=18 (full 1):
 PSYoungGen      total 51712K, used 3832K [0x00000000ebb00000, 0x00000000f0580000, 0x0000000100000000)
  eden space 47616K, 0% used [0x00000000ebb00000,0x00000000ebb00000,0x00000000ee980000)
  from space 4096K, 93% used [0x00000000ee980000,0x00000000eed3e090,0x00000000eed80000)
  to   space 4608K, 0% used [0x00000000f0100000,0x00000000f0100000,0x00000000f0580000)
 ParOldGen       total 61952K, used 9276K [0x00000000c3000000, 0x00000000c6c80000, 0x00000000ebb00000)
  object space 61952K, 14% used [0x00000000c3000000,0x00000000c390f088,0x00000000c6c80000)
 Metaspace       used 20778K, capacity 21102K, committed 21248K, reserved 1067008K
  class space    used 2687K, capacity 2799K, committed 2816K, reserved 1048576K
Event: 3.607 GC heap after
Heap after GC invocations=18 (full 1):
 PSYoungGen      total 51712K, used 0K [0x00000000ebb00000, 0x00000000f0580000, 0x0000000100000000)
  eden space 47616K, 0% used [0x00000000ebb00000,0x00000000ebb00000,0x00000000ee980000)
  from space 4096K, 0% used [0x00000000ee980000,0x00000000ee980000,0x00000000eed80000)
  to   space 4608K, 0% used [0x00000000f0100000,0x00000000f0100000,0x00000000f0580000)
 ParOldGen       total 14336K, used 10825K [0x00000000c3000000, 0x00000000c3e00000, 0x00000000ebb00000)
  object space 14336K, 75% used [0x00000000c3000000,0x00000000c3a926c0,0x00000000c3e00000)
 Metaspace       used 20778K, capacity 21102K, committed 21248K, reserved 1067008K
  class space    used 2687K, capacity 2799K, committed 2816K, reserved 1048576K
}

