# JRE version: Java(TM) SE Runtime Environment (8.0_05-b13) (build 1.8.0_05-b13)
# Java VM: Java HotSpot(TM) 64-Bit Server VM (25.5-b02 mixed mode linux-amd64 compressed oops)
Heap:
 PSYoungGen      total 32768K, used 19666K [0x00000000ebb00000, 0x00000000eef80000, 0x0000000100000000)
  eden space 29696K, 60% used [0x00000000ebb00000,0x00000000ecc9cbc8,0x00000000ed800000)
  from space 3072K, 53% used [0x00000000ed800000,0x00000000ed998000,0x00000000edb00000)
  to   space 3072K, 0% used [0x00000000eec80000,0x00000000eec80000,0x00000000eef80000)
 ParOldGen       total 61952K, used 5386K [0x00000000c3000000, 0x00000000c6c80000, 0x00000000ebb00000)
  object space 61952K, 8% used [0x00000000c3000000,0x00000000c3542a28,0x00000000c6c80000)
 Metaspace       used 14078K, capacity 14376K, committed 14720K, reserved 1062912K
  class space    used 1732K, capacity 1821K, committed 1920K, reserved 1048576K
GC Heap History (10 events):
Event: 1.018 GC heap before
{Heap before GC invocations=11 (full 0):
 PSYoungGen      total 13312K, used 12703K [0x00000000ebb00000, 0x00000000ec980000, 0x0000000100000000)
  eden space 11776K, 100% used [0x00000000ebb00000,0x00000000ec680000,0x00000000ec680000)
  from space 1536K, 60% used [0x00000000ec800000,0x00000000ec8e7f60,0x00000000ec980000)
  to   space 1536K, 0% used [0x00000000ec680000,0x00000000ec680000,0x00000000ec800000)
 ParOldGen       total 61952K, used 1781K [0x00000000c3000000, 0x00000000c6c80000, 0x00000000ebb00000)
  object space 61952K, 2% used [0x00000000c3000000,0x00000000c31bd5d0,0x00000000c6c80000)
 Metaspace       used 8654K, capacity 8788K, committed 8960K, reserved 1056768K
  class space    used 1120K, capacity 1180K, committed 1280K, reserved 1048576K
Event: 1.022 GC heap after
Heap after GC invocations=11 (full 0):
 PSYoungGen      total 13312K, used 1512K [0x00000000ebb00000, 0x00000000ed180000, 0x0000000100000000)
  eden space 11776K, 0% used [0x00000000ebb00000,0x00000000ebb00000,0x00000000ec680000)
  from space 1536K, 98% used [0x00000000ec680000,0x00000000ec7fa230,0x00000000ec800000)
  to   space 2048K, 0% used [0x00000000ecf80000,0x00000000ecf80000,0x00000000ed180000)
 ParOldGen       total 61952K, used 2422K [0x00000000c3000000, 0x00000000c6c80000, 0x00000000ebb00000)
  object space 61952K, 3% used [0x00000000c3000000,0x00000000c325da30,0x00000000c6c80000)
 Metaspace       used 8654K, capacity 8788K, committed 8960K, reserved 1056768K
  class space    used 1120K, capacity 1180K, committed 1280K, reserved 1048576K
}
Event: 1.222 GC heap before
{Heap before GC invocations=12 (full 0):
 PSYoungGen      total 13312K, used 13288K [0x00000000ebb00000, 0x00000000ed180000, 0x0000000100000000)
  eden space 11776K, 100% used [0x00000000ebb00000,0x00000000ec680000,0x00000000ec680000)
  from space 1536K, 98% used [0x00000000ec680000,0x00000000ec7fa230,0x00000000ec800000)
  to   space 2048K, 0% used [0x00000000ecf80000,0x00000000ecf80000,0x00000000ed180000)
 ParOldGen       total 61952K, used 2422K [0x00000000c3000000, 0x00000000c6c80000, 0x00000000ebb00000)
  object space 61952K, 3% used [0x00000000c3000000,0x00000000c325da30,0x00000000c6c80000)
 Metaspace       used 9745K, capacity 9946K, committed 10112K, reserved 1058816K
  class space    used 1252K, capacity 1309K, committed 1408K, reserved 1048576K
Event: 1.227 GC heap after
Heap after GC invocations=12 (full 0):
 PSYoungGen      total 20992K, used 1138K [0x00000000ebb00000, 0x00000000ed180000, 0x0000000100000000)
  eden space 18944K, 0% used [0x00000000ebb00000,0x00000000ebb00000,0x00000000ecd80000)
  from space 2048K, 55% used [0x00000000ecf80000,0x00000000ed09c888,0x00000000ed180000)
  to   space 2048K, 0% used [0x00000000ecd80000,0x00000000ecd80000,0x00000000ecf80000)
 ParOldGen       total 61952K, used 2995K [0x00000000c3000000, 0x00000000c6c80000, 0x00000000ebb00000)
  object space 61952K, 4% used [0x00000000c3000000,0x00000000c32ece60,0x00000000c6c80000)
 Metaspace       used 9745K, capacity 9946K, committed 10112K, reserved 1058816K
  class space    used 1252K, capacity 1309K, committed 1408K, reserved 1048576K
}
Event: 1.546 GC heap before
{Heap before GC invocations=13 (full 0):
 PSYoungGen      total 20992K, used 20082K [0x00000000ebb00000, 0x00000000ed180000, 0x0000000100000000)
  eden space 18944K, 100% used [0x00000000ebb00000,0x00000000ecd80000,0x00000000ecd80000)
  from space 2048K, 55% used [0x00000000ecf80000,0x00000000ed09c888,0x00000000ed180000)
  to   space 2048K, 0% used [0x00000000ecd80000,0x00000000ecd80000,0x00000000ecf80000)
 ParOldGen       total 61952K, used 2995K [0x00000000c3000000, 0x00000000c6c80000, 0x00000000ebb00000)
  object space 61952K, 4% used [0x00000000c3000000,0x00000000c32ece60,0x00000000c6c80000)
 Metaspace       used 11514K, capacity 11626K, committed 11776K, reserved 1058816K
  class space    used 1453K, capacity 1505K, committed 1536K, reserved 1048576K
Event: 1.551 GC heap after
Heap after GC invocations=13 (full 0):
 PSYoungGen      total 20992K, used 1915K [0x00000000ebb00000, 0x00000000edd00000, 0x0000000100000000)
  eden space 18944K, 0% used [0x00000000ebb00000,0x00000000ebb00000,0x00000000ecd80000)
  from space 2048K, 93% used [0x00000000ecd80000,0x00000000ecf5ee40,0x00000000ecf80000)
  to   space 2048K, 0% used [0x00000000edb00000,0x00000000edb00000,0x00000000edd00000)
 ParOldGen       total 61952K, used 3347K [0x00000000c3000000, 0x00000000c6c80000, 0x00000000ebb00000)
  object space 61952K, 5% used [0x00000000c3000000,0x00000000c3344e60,0x00000000c6c80000)
 Metaspace       used 11514K, capacity 11626K, committed 11776K, reserved 1058816K
  class space    used 1453K, capacity 1505K, committed 1536K, reserved 1048576K
}
Event: 1.973 GC heap before
{Heap before GC invocations=14 (full 0):
 PSYoungGen      total 20992K, used 20859K [0x00000000ebb00000, 0x00000000edd00000, 0x0000000100000000)
  eden space 18944K, 100% used [0x00000000ebb00000,0x00000000ecd80000,0x00000000ecd80000)
  from space 2048K, 93% used [0x00000000ecd80000,0x00000000ecf5ee40,0x00000000ecf80000)
  to   space 2048K, 0% used [0x00000000edb00000,0x00000000edb00000,0x00000000edd00000)
 ParOldGen       total 61952K, used 3347K [0x00000000c3000000, 0x00000000c6c80000, 0x00000000ebb00000)
  object space 61952K, 5% used [0x00000000c3000000,0x00000000c3344e60,0x00000000c6c80000)
 Metaspace       used 13376K, capacity 13618K, committed 13824K, reserved 1060864K
  class space    used 1647K, capacity 1741K, committed 1792K, reserved 1048576K
Event: 1.986 GC heap after
Heap after GC invocations=14 (full 0):
 PSYoungGen      total 31744K, used 2046K [0x00000000ebb00000, 0x00000000edf00000, 0x0000000100000000)
  eden space 29696K, 0% used [0x00000000ebb00000,0x00000000ebb00000,0x00000000ed800000)
  from space 2048K, 99% used [0x00000000edb00000,0x00000000edcff878,0x00000000edd00000)
  to   space 3072K, 0% used [0x00000000ed800000,0x00000000ed800000,0x00000000edb00000)
 ParOldGen       total 61952K, used 4346K [0x00000000c3000000, 0x00000000c6c80000, 0x00000000ebb00000)
  object space 61952K, 7% used [0x00000000c3000000,0x00000000c343ea08,0x00000000c6c80000)
 Metaspace       used 13376K, capacity 13618K, committed 13824K, reserved 1060864K
  class space    used 1647K, capacity 1741K, committed 1792K, reserved 1048576K
}
Event: 2.358 GC heap before
{Heap before GC invocations=15 (full 0):
 PSYoungGen      total 31744K, used 31742K [0x00000000ebb00000, 0x00000000edf00000, 0x0000000100000000)
  eden space 29696K, 100% used [0x00000000ebb00000,0x00000000ed800000,0x00000000ed800000)
  from space 2048K, 99% used [0x00000000edb00000,0x00000000edcff878,0x00000000edd00000)
  to   space 3072K, 0% used [0x00000000ed800000,0x00000000ed800000,0x00000000edb00000)
 ParOldGen       total 61952K, used 4346K [0x00000000c3000000, 0x00000000c6c80000, 0x00000000ebb00000)
  object space 61952K, 7% used [0x00000000c3000000,0x00000000c343ea08,0x00000000c6c80000)
 Metaspace       used 13624K, capacity 13816K, committed 14080K, reserved 1060864K
  class space    used 1665K, capacity 1742K, committed 1792K, reserved 1048576K
Event: 2.366 GC heap after
Heap after GC invocations=15 (full 0):
 PSYoungGen      total 32768K, used 1632K [0x00000000ebb00000, 0x00000000eef80000, 0x0000000100000000)
  eden space 29696K, 0% used [0x00000000ebb00000,0x00000000ebb00000,0x00000000ed800000)
  from space 3072K, 53% used [0x00000000ed800000,0x00000000ed998000,0x00000000edb00000)
  to   space 3072K, 0% used [0x00000000eec80000,0x00000000eec80000,0x00000000eef80000)
 ParOldGen       total 61952K, used 5386K [0x00000000c3000000, 0x00000000c6c80000, 0x00000000ebb00000)
  object space 61952K, 8% used [0x00000000c3000000,0x00000000c3542a28,0x00000000c6c80000)
 Metaspace       used 13624K, capacity 13816K, committed 14080K, reserved 1060864K
  class space    used 1665K, capacity 1742K, committed 1792K, reserved 1048576K
}

